Reading input from file: inputs/n8_30/n8_30_25empty.txt 

1: 	2,1 [color_value:2, group_value: 1]
2: 	0,1 [color_value:0, group_value: 1]
3: 	8,1 [color_value:8, group_value: 1]
4: 	3,1 [color_value:3, group_value: 1]
5: 	0,1 [color_value:0, group_value: 1]
6: 	6,2 [color_value:6, group_value: 2]
7: 	0,2 [color_value:0, group_value: 2]
8: 	0,2 [color_value:0, group_value: 2]
9: 	1,2 [color_value:1, group_value: 2]
10: 	0,1 [color_value:0, group_value: 1]
11: 	0,1 [color_value:0, group_value: 1]
12: 	0,1 [color_value:0, group_value: 1]
13: 	6,1 [color_value:6, group_value: 1]
14: 	2,5 [color_value:2, group_value: 5]
15: 	0,5 [color_value:0, group_value: 5]
16: 	7,2 [color_value:7, group_value: 2]
17: 	5,3 [color_value:5, group_value: 3]
18: 	3,3 [color_value:3, group_value: 3]
19: 	6,4 [color_value:6, group_value: 4]
20: 	0,4 [color_value:0, group_value: 4]
21: 	5,5 [color_value:5, group_value: 5]
22: 	1,5 [color_value:1, group_value: 5]
23: 	3,5 [color_value:3, group_value: 5]
24: 	9,5 [color_value:9, group_value: 5]
25: 	8,2 [color_value:8, group_value: 2]
26: 	0,3 [color_value:0, group_value: 3]
27: 	0,3 [color_value:0, group_value: 3]
28: 	3,4 [color_value:3, group_value: 4]
29: 	0,4 [color_value:0, group_value: 4]
30: 	0,5 [color_value:0, group_value: 5]
31: 	7,5 [color_value:7, group_value: 5]
32: 	6,5 [color_value:6, group_value: 5]
33: 	5,2 [color_value:5, group_value: 2]
34: 	2,2 [color_value:2, group_value: 2]
35: 	0,3 [color_value:0, group_value: 3]
36: 	8,3 [color_value:8, group_value: 3]
37: 	7,4 [color_value:7, group_value: 4]
38: 	0,6 [color_value:0, group_value: 6]
39: 	0,6 [color_value:0, group_value: 6]
40: 	0,6 [color_value:0, group_value: 6]
41: 	0,7 [color_value:0, group_value: 7]
42: 	3,2 [color_value:3, group_value: 2]
43: 	1,3 [color_value:1, group_value: 3]
44: 	6,3 [color_value:6, group_value: 3]
45: 	2,3 [color_value:2, group_value: 3]
46: 	0,4 [color_value:0, group_value: 4]
47: 	5,4 [color_value:5, group_value: 4]
48: 	2,6 [color_value:2, group_value: 6]
49: 	4,6 [color_value:4, group_value: 6]
50: 	1,7 [color_value:1, group_value: 7]
51: 	7,8 [color_value:7, group_value: 8]
52: 	6,8 [color_value:6, group_value: 8]
53: 	3,9 [color_value:3, group_value: 9]
54: 	9,9 [color_value:9, group_value: 9]
55: 	0,4 [color_value:0, group_value: 4]
56: 	4,4 [color_value:4, group_value: 4]
57: 	6,6 [color_value:6, group_value: 6]
58: 	8,7 [color_value:8, group_value: 7]
59: 	7,7 [color_value:7, group_value: 7]
60: 	0,8 [color_value:0, group_value: 8]
61: 	3,8 [color_value:3, group_value: 8]
62: 	1,9 [color_value:1, group_value: 9]
63: 	0,9 [color_value:0, group_value: 9]
64: 	1,6 [color_value:1, group_value: 6]
65: 	3,6 [color_value:3, group_value: 6]
66: 	7,6 [color_value:7, group_value: 6]
67: 	2,7 [color_value:2, group_value: 7]
68: 	9,8 [color_value:9, group_value: 8]
69: 	4,8 [color_value:4, group_value: 8]
70: 	5,8 [color_value:5, group_value: 8]
71: 	8,9 [color_value:8, group_value: 9]
72: 	6,9 [color_value:6, group_value: 9]
73: 	5,7 [color_value:5, group_value: 7]
74: 	6,7 [color_value:6, group_value: 7]
75: 	3,7 [color_value:3, group_value: 7]
76: 	0,7 [color_value:0, group_value: 7]
77: 	0,8 [color_value:0, group_value: 8]
78: 	0,8 [color_value:0, group_value: 8]
79: 	4,9 [color_value:4, group_value: 9]
80: 	2,9 [color_value:2, group_value: 9]
81: 	7,9 [color_value:7, group_value: 9]
Number of zeros (empty cells) in board: 25

Experimenting on the following Nonomino board:
2 0 8 3 0 6 0 0 1 
0 0 0 6 2 0 7 5 3 
6 0 5 1 3 9 8 0 0 
3 0 0 7 6 5 2 0 8 
7 0 0 0 0 3 1 6 2 
0 5 2 4 1 7 6 3 9 
0 4 6 8 7 0 3 1 0 
1 3 7 2 9 4 5 8 6 
5 6 3 0 0 0 4 2 7 

---------=== BEGINNING OF EXPERIMENTS ===---------
-	Started on:  2020-12-24 20:18:20.541640  -
--------------------------------------------------
max_gen = 10000

Parameters: [ pop_size=10, p_mutation=0.03, p_crossover=0.9, selection_pressure=5 ]

Experiment 0:
Generation 0. best score: -16
Generation 10. best score: -10
Generation 20. best score: -2

Experiment 1:
Generation 0. best score: -16
Generation 10. best score: -7
Generation 20. best score: -5

Experiment 2:
Generation 0. best score: -12
Generation 10. best score: -7
Generation 20. best score: -4
Generation 30. best score: -2
Generation 40. best score: -2
Generation 50. best score: -2
Generation 60. best score: -2
Generation 70. best score: -2

Experiment 3:
Generation 0. best score: -19
Generation 10. best score: -10
Generation 20. best score: -8
Generation 30. best score: -7
Generation 40. best score: -6
Generation 50. best score: -2
Generation 60. best score: -2

Experiment 4:
Generation 0. best score: -13
Generation 10. best score: -8
Generation 20. best score: -8
Generation 30. best score: -6
Generation 40. best score: -5
Generation 50. best score: -3
Generation 60. best score: -3
Generation 70. best score: -3

Experiment 5:
Generation 0. best score: -15
Generation 10. best score: -7
Generation 20. best score: -4
Generation 30. best score: -4

Experiment 6:
Generation 0. best score: -16
Generation 10. best score: -11
Generation 20. best score: -10
Generation 30. best score: -6
Generation 40. best score: -3
Generation 50. best score: -3
Generation 60. best score: -2
Generation 70. best score: -2

Experiment 7:
Generation 0. best score: -17
Generation 10. best score: -12
Generation 20. best score: -9
Generation 30. best score: -6
Generation 40. best score: -3
Generation 50. best score: -3
Generation 60. best score: -3

Experiment 8:
Generation 0. best score: -10
Generation 10. best score: -6
Generation 20. best score: -4
Generation 30. best score: -2
Generation 40. best score: -2

Experiment 9:
Generation 0. best score: -12
Generation 10. best score: -7
Generation 20. best score: -3
Generation 30. best score: -2
Mean: 53.6; Std: 21.464182050828565
Time mean: 0.8617544889450073; Std: 0.332488652663088

Parameters: [ pop_size=10, p_mutation=0.03, p_crossover=0.9, selection_pressure=10 ]

Experiment 0:
Generation 0. best score: -8
Generation 10. best score: -5

Experiment 1:
Generation 0. best score: -15
Generation 10. best score: -8
Generation 20. best score: -6
Generation 30. best score: -4
Generation 40. best score: -2

Experiment 2:
Generation 0. best score: -18
Generation 10. best score: -10
Generation 20. best score: -7
Generation 30. best score: -5
Generation 40. best score: -5
Generation 50. best score: -2
Generation 60. best score: -2
Generation 70. best score: -2
Generation 80. best score: -2
Generation 90. best score: -2

Experiment 3:
Generation 0. best score: -13
Generation 10. best score: -9
Generation 20. best score: -4
Generation 30. best score: -2
Generation 40. best score: -2

Experiment 4:
Generation 0. best score: -17
Generation 10. best score: -12
Generation 20. best score: -11
Generation 30. best score: -10
Generation 40. best score: -9
Generation 50. best score: -6
Generation 60. best score: -5
Generation 70. best score: -5
Generation 80. best score: -3
Generation 90. best score: -3
Generation 100. best score: -3
Generation 110. best score: -3
Generation 120. best score: -3

Experiment 5:
Generation 0. best score: -7
Generation 10. best score: -4
Generation 20. best score: -2
Generation 30. best score: -2

Experiment 6:
Generation 0. best score: -15
Generation 10. best score: -12
Generation 20. best score: -8
Generation 30. best score: -8
Generation 40. best score: -5
Generation 50. best score: -3
Generation 60. best score: -3
Generation 70. best score: -3
Generation 80. best score: -3
Generation 90. best score: -3
Generation 100. best score: -3
Generation 110. best score: -3
Generation 120. best score: -3
Generation 130. best score: -3
Generation 140. best score: -3

Experiment 7:
Generation 0. best score: -18
Generation 10. best score: -16
Generation 20. best score: -10
Generation 30. best score: -4
Generation 40. best score: -2

Experiment 8:
Generation 0. best score: -17
Generation 10. best score: -9
Generation 20. best score: -5
Generation 30. best score: -4
Generation 40. best score: -2
Generation 50. best score: -2
Generation 60. best score: -2
Generation 70. best score: -2
Generation 80. best score: -2

Experiment 9:
Generation 0. best score: -14
Generation 10. best score: -12
Generation 20. best score: -10
Generation 30. best score: -6
Generation 40. best score: -2
Generation 50. best score: -2
Mean: 62.15; Std: 34.8987633621956
Time mean: 0.9904478788375854; Std: 0.5370885756058457

Parameters: [ pop_size=10, p_mutation=0.03, p_crossover=1.0, selection_pressure=5 ]

Experiment 0:
Generation 0. best score: -14
Generation 10. best score: -11
Generation 20. best score: -9
Generation 30. best score: -9
Generation 40. best score: -7
Generation 50. best score: -3
Generation 60. best score: -2

Experiment 1:
Generation 0. best score: -14
Generation 10. best score: -12
Generation 20. best score: -6
Generation 30. best score: -2

Experiment 2:
Generation 0. best score: -14
Generation 10. best score: -12
Generation 20. best score: -10
Generation 30. best score: -7
Generation 40. best score: -7
Generation 50. best score: -7
Generation 60. best score: -6
Generation 70. best score: -5
Generation 80. best score: -3
Generation 90. best score: -3
Generation 100. best score: -3
Generation 110. best score: -3
Generation 120. best score: -2

Experiment 3:
Generation 0. best score: -20
Generation 10. best score: -13
Generation 20. best score: -9
Generation 30. best score: -8
Generation 40. best score: -7
Generation 50. best score: -4
Generation 60. best score: -4
Generation 70. best score: -4

Experiment 4:
Generation 0. best score: -15
Generation 10. best score: -11
Generation 20. best score: -7
Generation 30. best score: -4

Experiment 5:
Generation 0. best score: -14
Generation 10. best score: -11
Generation 20. best score: -8
Generation 30. best score: -5
Generation 40. best score: -3
Generation 50. best score: -3
Generation 60. best score: -2
Generation 70. best score: -2
Generation 80. best score: -2

Experiment 6:
Generation 0. best score: -10
Generation 10. best score: -9
Generation 20. best score: -8
Generation 30. best score: -7
Generation 40. best score: -7
Generation 50. best score: -3
Generation 60. best score: -2
Generation 70. best score: -2
Generation 80. best score: -2

Experiment 7:
Generation 0. best score: -16
Generation 10. best score: -12
Generation 20. best score: -8
Generation 30. best score: -3
Generation 40. best score: -3
Generation 50. best score: -3

Experiment 8:
Generation 0. best score: -18
Generation 10. best score: -12
Generation 20. best score: -7
Generation 30. best score: -4
Generation 40. best score: 0

Experiment 9:
Generation 0. best score: -12
Generation 10. best score: -6
Generation 20. best score: -2
Generation 30. best score: -2
Mean: 62.63333333333333; Std: 32.50621514400755
Time mean: 1.0040005763371787; Std: 0.5022874009359609

Parameters: [ pop_size=10, p_mutation=0.03, p_crossover=1.0, selection_pressure=10 ]

Experiment 0:
Generation 0. best score: -12
Generation 10. best score: -10
Generation 20. best score: -7
Generation 30. best score: -5
Generation 40. best score: -5
Generation 50. best score: -2
Generation 60. best score: -2
Generation 70. best score: -2
Generation 80. best score: -2

Experiment 1:
Generation 0. best score: -18
Generation 10. best score: -10
Generation 20. best score: -7
Generation 30. best score: -6
Generation 40. best score: -4
Generation 50. best score: -4
Generation 60. best score: -4
Generation 70. best score: -2
Generation 80. best score: -2
Generation 90. best score: -2
Generation 100. best score: -2

Experiment 2:
Generation 0. best score: -15
Generation 10. best score: -9
Generation 20. best score: -5
Generation 30. best score: -2
Generation 40. best score: -2
Generation 50. best score: -2
Generation 60. best score: -2
Generation 70. best score: 0

Experiment 3:
Generation 0. best score: -15
Generation 10. best score: -8
Generation 20. best score: -4
Generation 30. best score: -4
Generation 40. best score: -2
Generation 50. best score: -2

Experiment 4:
Generation 0. best score: -16
Generation 10. best score: -13
Generation 20. best score: -10
Generation 30. best score: -8
Generation 40. best score: -5
Generation 50. best score: -4
Generation 60. best score: -2
Generation 70. best score: -2
Generation 80. best score: -2
Generation 90. best score: -2

Experiment 5:
Generation 0. best score: -14
Generation 10. best score: -6
Generation 20. best score: -5
Generation 30. best score: -2

Experiment 6:
Generation 0. best score: -15
Generation 10. best score: -8
Generation 20. best score: -7
Generation 30. best score: -2
Generation 40. best score: -2

Experiment 7:
Generation 0. best score: -11
Generation 10. best score: -10
Generation 20. best score: -8
Generation 30. best score: -4

Experiment 8:
Generation 0. best score: -18
Generation 10. best score: -13
Generation 20. best score: -11
Generation 30. best score: -6

Experiment 9:
Generation 0. best score: -11
Generation 10. best score: -9
Generation 20. best score: -5
Generation 30. best score: -3
Mean: 62.4; Std: 31.207165515105338
Time mean: 1.0023222863674164; Std: 0.483367600414928

Parameters: [ pop_size=10, p_mutation=0.07, p_crossover=0.9, selection_pressure=5 ]

Experiment 0:
Generation 0. best score: -13
Generation 10. best score: -4

Experiment 1:
Generation 0. best score: -17
Generation 10. best score: -7
Generation 20. best score: -7
Generation 30. best score: -4
Generation 40. best score: -2
Generation 50. best score: -2
Generation 60. best score: -2
Generation 70. best score: 0

Experiment 2:
Generation 0. best score: -16
Generation 10. best score: -10
Generation 20. best score: -7
Generation 30. best score: -2
Generation 40. best score: -2
Generation 50. best score: -2
Generation 60. best score: -2

Experiment 3:
Generation 0. best score: -10
Generation 10. best score: -8
Generation 20. best score: -6
Generation 30. best score: -4
Generation 40. best score: -2
Generation 50. best score: -2
Generation 60. best score: -2
Generation 70. best score: -2
Generation 80. best score: -2

Experiment 4:
Generation 0. best score: -15
Generation 10. best score: -8
Generation 20. best score: -4
Generation 30. best score: -2

Experiment 5:
Generation 0. best score: -16
Generation 10. best score: -7
Generation 20. best score: -2
Generation 30. best score: -2

Experiment 6:
Generation 0. best score: -16
Generation 10. best score: -9
Generation 20. best score: -5

Experiment 7:
Generation 0. best score: -16
Generation 10. best score: -12
Generation 20. best score: -7
Generation 30. best score: -4

Experiment 8:
Generation 0. best score: -14
Generation 10. best score: -12
Generation 20. best score: -7

Experiment 9:
Generation 0. best score: -17
Generation 10. best score: -9
Generation 20. best score: -4
Generation 30. best score: -2
Mean: 58.84; Std: 30.3337624250132
Time mean: 0.9654486322402954; Std: 0.46996254072267535

Parameters: [ pop_size=10, p_mutation=0.07, p_crossover=0.9, selection_pressure=10 ]

Experiment 0:
Generation 0. best score: -14
Generation 10. best score: -6
Generation 20. best score: -2

Experiment 1:
Generation 0. best score: -16
Generation 10. best score: -9
Generation 20. best score: -6
Generation 30. best score: -4
Generation 40. best score: -2

Experiment 2:
Generation 0. best score: -16
Generation 10. best score: -11
Generation 20. best score: -9
Generation 30. best score: -3

Experiment 3:
Generation 0. best score: -14
Generation 10. best score: -2

Experiment 4:
Generation 0. best score: -16
Generation 10. best score: -11
Generation 20. best score: -9
Generation 30. best score: -6
Generation 40. best score: -4
Generation 50. best score: -4
Generation 60. best score: -4
Generation 70. best score: -2

Experiment 5:
Generation 0. best score: -16
Generation 10. best score: -11
Generation 20. best score: -10
Generation 30. best score: -6
Generation 40. best score: -4
Generation 50. best score: -4
Generation 60. best score: -2

Experiment 6:
Generation 0. best score: -15
Generation 10. best score: -6
Generation 20. best score: -5
Generation 30. best score: -2
Generation 40. best score: -2
Generation 50. best score: -2
Generation 60. best score: -2

Experiment 7:
Generation 0. best score: -18
Generation 10. best score: -10
Generation 20. best score: -7
Generation 30. best score: -5
Generation 40. best score: -3
Generation 50. best score: -2

Experiment 8:
Generation 0. best score: -17
Generation 10. best score: -8
Generation 20. best score: -7
Generation 30. best score: -5
Generation 40. best score: -2
Generation 50. best score: -2

Experiment 9:
Generation 0. best score: -17
Generation 10. best score: -8
Generation 20. best score: -3
Generation 30. best score: -2
Generation 40. best score: -2
Generation 50. best score: -2
Generation 60. best score: -2
Generation 70. best score: -2
Mean: 57.7; Std: 28.796362764671784
Time mean: 0.9629532178243001; Std: 0.4490825575766193

Parameters: [ pop_size=10, p_mutation=0.07, p_crossover=1.0, selection_pressure=5 ]

Experiment 0:
Generation 0. best score: -8
Generation 10. best score: -5
Generation 20. best score: 0

Experiment 1:
Generation 0. best score: -13
Generation 10. best score: -8
Generation 20. best score: -6
Generation 30. best score: -2

Experiment 2:
Generation 0. best score: -15
Generation 10. best score: -4
Generation 20. best score: -2

Experiment 3:
Generation 0. best score: -10
Generation 10. best score: -9
Generation 20. best score: -6
Generation 30. best score: -5

Experiment 4:
Generation 0. best score: -15
Generation 10. best score: -12
Generation 20. best score: -9
Generation 30. best score: -5
Generation 40. best score: -2

Experiment 5:
Generation 0. best score: -16
Generation 10. best score: -8
Generation 20. best score: -2

Experiment 6:
Generation 0. best score: -13
Generation 10. best score: -8
Generation 20. best score: -2

Experiment 7:
Generation 0. best score: -10
Generation 10. best score: -8
Generation 20. best score: -2
Generation 30. best score: -2

Experiment 8:
Generation 0. best score: -17
Generation 10. best score: -10
Generation 20. best score: -8
Generation 30. best score: -4
Generation 40. best score: -2
Generation 50. best score: -2

Experiment 9:
Generation 0. best score: -16
Generation 10. best score: -7
Generation 20. best score: -6
Mean: 54.22857142857143; Std: 28.21253263940702
Time mean: 0.9150989055633545; Std: 0.43641279974215963

Parameters: [ pop_size=10, p_mutation=0.07, p_crossover=1.0, selection_pressure=10 ]

Experiment 0:
Generation 0. best score: -17
Generation 10. best score: -6
Generation 20. best score: -4

Experiment 1:
Generation 0. best score: -12
Generation 10. best score: -4
Generation 20. best score: -2

Experiment 2:
Generation 0. best score: -12
Generation 10. best score: -2
Generation 20. best score: -2
Generation 30. best score: 0

Experiment 3:
Generation 0. best score: -12
Generation 10. best score: -8
Generation 20. best score: -6
Generation 30. best score: -2

Experiment 4:
Generation 0. best score: -15
Generation 10. best score: -9
Generation 20. best score: -4
Generation 30. best score: -4
Generation 40. best score: -4
Generation 50. best score: -4
Generation 60. best score: -2

Experiment 5:
Generation 0. best score: -11
Generation 10. best score: -8
Generation 20. best score: -6
Generation 30. best score: -3

Experiment 6:
Generation 0. best score: -14
Generation 10. best score: -10
Generation 20. best score: -4
Generation 30. best score: -4

Experiment 7:
Generation 0. best score: -15
Generation 10. best score: -10
Generation 20. best score: -8
Generation 30. best score: -4
Generation 40. best score: 0

Experiment 8:
Generation 0. best score: -14
Generation 10. best score: -9
Generation 20. best score: -5
Generation 30. best score: -4
Generation 40. best score: -4
Generation 50. best score: -3
Generation 60. best score: -2

Experiment 9:
Generation 0. best score: -12
Generation 10. best score: -11
Generation 20. best score: -5
Generation 30. best score: -3
Generation 40. best score: -2
Generation 50. best score: -2
Generation 60. best score: -2
Generation 70. best score: -2
Mean: 52.9; Std: 27.329494430427822
Time mean: 0.90267254114151; Std: 0.42435266487787965

Parameters: [ pop_size=20, p_mutation=0.03, p_crossover=0.9, selection_pressure=5 ]

Experiment 0:
Generation 0. best score: -11
Generation 10. best score: -6
Generation 20. best score: -2
Generation 30. best score: -2
Generation 40. best score: -2
Generation 50. best score: -2
Generation 60. best score: -2
Generation 70. best score: -2
Generation 80. best score: -2
Generation 90. best score: -2
Generation 100. best score: -2

Experiment 1:
Generation 0. best score: -11
Generation 10. best score: -7
Generation 20. best score: -2
Generation 30. best score: -2
Generation 40. best score: -2
Generation 50. best score: -2

Experiment 2:
Generation 0. best score: -14
Generation 10. best score: -9
Generation 20. best score: -7
Generation 30. best score: -4
Generation 40. best score: -2

Experiment 3:
Generation 0. best score: -12
Generation 10. best score: -4
Generation 20. best score: -2

Experiment 4:
Generation 0. best score: -14
Generation 10. best score: -13
Generation 20. best score: -11
Generation 30. best score: -9
Generation 40. best score: -7
Generation 50. best score: -5
Generation 60. best score: -2
Generation 70. best score: -2

Experiment 5:
Generation 0. best score: -15
Generation 10. best score: -7

Experiment 6:
Generation 0. best score: -16
Generation 10. best score: -9
Generation 20. best score: -3
Generation 30. best score: -3
Generation 40. best score: -3
Generation 50. best score: -2
Generation 60. best score: -2

Experiment 7:
Generation 0. best score: -11
Generation 10. best score: -7
Generation 20. best score: -6
Generation 30. best score: -5
Generation 40. best score: -5
Generation 50. best score: -4
Generation 60. best score: -2
Generation 70. best score: -2

Experiment 8:
Generation 0. best score: -15
Generation 10. best score: -9
Generation 20. best score: -5
Generation 30. best score: -4

Experiment 9:
Generation 0. best score: -15
Generation 10. best score: -7
Generation 20. best score: -6
Generation 30. best score: -4
Generation 40. best score: -3
Generation 50. best score: -2
Mean: 53.32222222222222; Std: 27.1896492936946
Time mean: 0.9289899826049804; Std: 0.43867366228814264

Parameters: [ pop_size=20, p_mutation=0.03, p_crossover=0.9, selection_pressure=10 ]

Experiment 0:
Generation 0. best score: -13
Generation 10. best score: -10
Generation 20. best score: -5
Generation 30. best score: -2
Generation 40. best score: -2

Experiment 1:
Generation 0. best score: -16
Generation 10. best score: -10
Generation 20. best score: -5
Generation 30. best score: -4
Generation 40. best score: -2
Generation 50. best score: -2
Generation 60. best score: -2
Generation 70. best score: -2

Experiment 2:
Generation 0. best score: -14
Generation 10. best score: -11
Generation 20. best score: -6
Generation 30. best score: -4

Experiment 3:
Generation 0. best score: -14
Generation 10. best score: -8
Generation 20. best score: -6
Generation 30. best score: -2
Generation 40. best score: -2

Experiment 4:
Generation 0. best score: -9
Generation 10. best score: -2

Experiment 5:
Generation 0. best score: -16
Generation 10. best score: -10
Generation 20. best score: -9
Generation 30. best score: -7
Generation 40. best score: -6
Generation 50. best score: -3
Generation 60. best score: -2
Generation 70. best score: -2

Experiment 6:
Generation 0. best score: -15
Generation 10. best score: -12
Generation 20. best score: -8
Generation 30. best score: -6
Generation 40. best score: -5
Generation 50. best score: -2

Experiment 7:
Generation 0. best score: -17
Generation 10. best score: -11
Generation 20. best score: -7
Generation 30. best score: -3
Generation 40. best score: -2

Experiment 8:
Generation 0. best score: -13
Generation 10. best score: -12
Generation 20. best score: -4
Generation 30. best score: -2
Generation 40. best score: -2

Experiment 9:
Generation 0. best score: -15
Generation 10. best score: -10
Generation 20. best score: -6
Generation 30. best score: -4
Generation 40. best score: -3
Mean: 53.01; Std: 26.32258890893308
Time mean: 0.9380001211166382; Std: 0.4287904882477414

Parameters: [ pop_size=20, p_mutation=0.03, p_crossover=1.0, selection_pressure=5 ]

Experiment 0:
Generation 0. best score: -14
Generation 10. best score: -12
Generation 20. best score: -7
Generation 30. best score: -4
Generation 40. best score: -2

Experiment 1:
Generation 0. best score: -12
Generation 10. best score: -8
Generation 20. best score: -6
Generation 30. best score: -4
Generation 40. best score: -2
Generation 50. best score: -2
Generation 60. best score: -2

Experiment 2:
Generation 0. best score: -13
Generation 10. best score: -8
Generation 20. best score: -7
Generation 30. best score: -4
Generation 40. best score: -4

Experiment 3:
Generation 0. best score: -14
Generation 10. best score: -12
Generation 20. best score: -7

Experiment 4:
Generation 0. best score: -15
Generation 10. best score: -10
Generation 20. best score: -7
Generation 30. best score: -7
Generation 40. best score: -5
Generation 50. best score: -4

Experiment 5:
Generation 0. best score: -15
Generation 10. best score: -10
Generation 20. best score: -6
Generation 30. best score: -2
Generation 40. best score: -2

Experiment 6:
Generation 0. best score: -13
Generation 10. best score: -10
Generation 20. best score: -4
Generation 30. best score: -4
Generation 40. best score: -2

Experiment 7:
Generation 0. best score: -14
Generation 10. best score: -10
Generation 20. best score: -5
Generation 30. best score: -2
Generation 40. best score: -2

Experiment 8:
Generation 0. best score: -16
Generation 10. best score: -12
Generation 20. best score: -9
Generation 30. best score: -2

Experiment 9:
Generation 0. best score: -16
Generation 10. best score: -10
Generation 20. best score: -6
Generation 30. best score: -4
Generation 40. best score: -2
Mean: 52.43636363636364; Std: 25.320886426186586
Time mean: 0.9400186798789284; Std: 0.4125325331475451

Parameters: [ pop_size=20, p_mutation=0.03, p_crossover=1.0, selection_pressure=10 ]

Experiment 0:
Generation 0. best score: -15
Generation 10. best score: -7
Generation 20. best score: -5
Generation 30. best score: -2

Experiment 1:
Generation 0. best score: -4
Generation 10. best score: -2
Generation 20. best score: -2

Experiment 2:
Generation 0. best score: -15
Generation 10. best score: -9
Generation 20. best score: -6
Generation 30. best score: -2

Experiment 3:
Generation 0. best score: -15
Generation 10. best score: -7
Generation 20. best score: -4
Generation 30. best score: -2
Generation 40. best score: -2

Experiment 4:
Generation 0. best score: -14
Generation 10. best score: -11
Generation 20. best score: -7
Generation 30. best score: -4

Experiment 5:
Generation 0. best score: -13
Generation 10. best score: -11
Generation 20. best score: -6
Generation 30. best score: -5
Generation 40. best score: -2

Experiment 6:
Generation 0. best score: -16
Generation 10. best score: -9
Generation 20. best score: -8
Generation 30. best score: -5
Generation 40. best score: -4
Generation 50. best score: -2

Experiment 7:
Generation 0. best score: -14
Generation 10. best score: -5
Generation 20. best score: -3
Generation 30. best score: -2
Generation 40. best score: -2

Experiment 8:
Generation 0. best score: -16
Generation 10. best score: -8
Generation 20. best score: -4
Generation 30. best score: -2
Generation 40. best score: -2
Generation 50. best score: -2
Generation 60. best score: -2
Generation 70. best score: -2

Experiment 9:
Generation 0. best score: -13
Generation 10. best score: -7
Generation 20. best score: -3
Generation 30. best score: -3
Generation 40. best score: 0
Mean: 51.80833333333333; Std: 24.618533646006462
Time mean: 0.9389708578586579; Std: 0.4015851182491189

Parameters: [ pop_size=20, p_mutation=0.07, p_crossover=0.9, selection_pressure=5 ]

Experiment 0:
Generation 0. best score: -14
Generation 10. best score: -10
Generation 20. best score: -9
Generation 30. best score: -5
Generation 40. best score: -3
Generation 50. best score: -2

Experiment 1:
Generation 0. best score: -14
Generation 10. best score: -9
Generation 20. best score: -6
Generation 30. best score: -4
Generation 40. best score: -2
Generation 50. best score: 0

Experiment 2:
Generation 0. best score: -14
Generation 10. best score: -7
Generation 20. best score: -2

Experiment 3:
Generation 0. best score: -14
Generation 10. best score: -10
Generation 20. best score: -7
Generation 30. best score: -4
Generation 40. best score: -2

Experiment 4:
Generation 0. best score: -11
Generation 10. best score: -9
Generation 20. best score: -5
Generation 30. best score: -2

Experiment 5:
Generation 0. best score: -14
Generation 10. best score: -9
Generation 20. best score: -4
Generation 30. best score: -2

Experiment 6:
Generation 0. best score: -15
Generation 10. best score: -7
Generation 20. best score: -3
Generation 30. best score: 0

Experiment 7:
Generation 0. best score: -17
Generation 10. best score: -9
Generation 20. best score: -6
Generation 30. best score: -2
Generation 40. best score: -2
Generation 50. best score: -2

Experiment 8:
Generation 0. best score: -13
Generation 10. best score: -9
Generation 20. best score: -4
Generation 30. best score: -4
Generation 40. best score: -2

Experiment 9:
Generation 0. best score: -15
Generation 10. best score: -9
Generation 20. best score: -6
Generation 30. best score: -2
Generation 40. best score: -2
Mean: 51.08461538461538; Std: 23.979007167408867
Time mean: 0.9475606734936054; Std: 0.3932722396265747

Parameters: [ pop_size=20, p_mutation=0.07, p_crossover=0.9, selection_pressure=10 ]

Experiment 0:
Generation 0. best score: -18
Generation 10. best score: -7
Generation 20. best score: -4
Generation 30. best score: -2

Experiment 1:
Generation 0. best score: -16
Generation 10. best score: -9
Generation 20. best score: -4
Generation 30. best score: -2

Experiment 2:
Generation 0. best score: -12
Generation 10. best score: -4
Generation 20. best score: -3

Experiment 3:
Generation 0. best score: -18
Generation 10. best score: -9
Generation 20. best score: -9
Generation 30. best score: -8
Generation 40. best score: -5

Experiment 4:
Generation 0. best score: -15
Generation 10. best score: -8
Generation 20. best score: -4
Generation 30. best score: -4

Experiment 5:
Generation 0. best score: -15
Generation 10. best score: -6
Generation 20. best score: -5
Generation 30. best score: -4
Generation 40. best score: -4
Generation 50. best score: 0

Experiment 6:
Generation 0. best score: -15
Generation 10. best score: -5
Generation 20. best score: -2

Experiment 7:
Generation 0. best score: -15
Generation 10. best score: -5
Generation 20. best score: -4

Experiment 8:
Generation 0. best score: -17
Generation 10. best score: -9
Generation 20. best score: -2

Experiment 9:
Generation 0. best score: -13
Generation 10. best score: -8
Generation 20. best score: -4
Generation 30. best score: -2
Mean: 49.878571428571426; Std: 23.636171480615218
Time mean: 0.9414304648126874; Std: 0.38397744028557484

Parameters: [ pop_size=20, p_mutation=0.07, p_crossover=1.0, selection_pressure=5 ]

Experiment 0:
Generation 0. best score: -13
Generation 10. best score: -7
Generation 20. best score: -4
Generation 30. best score: -4

Experiment 1:
Generation 0. best score: -10
Generation 10. best score: -3
Generation 20. best score: -2

Experiment 2:
Generation 0. best score: -12
Generation 10. best score: -9
Generation 20. best score: 0

Experiment 3:
Generation 0. best score: -13
Generation 10. best score: -6
Generation 20. best score: -5

Experiment 4:
Generation 0. best score: -14
Generation 10. best score: -9
Generation 20. best score: -3
Generation 30. best score: -3
Generation 40. best score: -2

Experiment 5:
Generation 0. best score: -15
Generation 10. best score: -7
Generation 20. best score: -4
Generation 30. best score: -3
Generation 40. best score: -2

Experiment 6:
Generation 0. best score: -15
Generation 10. best score: -7
Generation 20. best score: -4
Generation 30. best score: -2
Generation 40. best score: -2
Generation 50. best score: -2

Experiment 7:
Generation 0. best score: -17
Generation 10. best score: -12
Generation 20. best score: -7
Generation 30. best score: -4
Generation 40. best score: 0

Experiment 8:
Generation 0. best score: -15
Generation 10. best score: -9
Generation 20. best score: -6
Generation 30. best score: -5

Experiment 9:
Generation 0. best score: -16
Generation 10. best score: -11
Generation 20. best score: -6
Generation 30. best score: -2
Generation 40. best score: -2
Generation 50. best score: -2
Mean: 49.16; Std: 23.146478416537757
Time mean: 0.9444049596786499; Std: 0.3766026117550703

Parameters: [ pop_size=20, p_mutation=0.07, p_crossover=1.0, selection_pressure=10 ]

Experiment 0:
Generation 0. best score: -11
Generation 10. best score: -8

Experiment 1:
Generation 0. best score: -14
Generation 10. best score: -9
Generation 20. best score: -3

Experiment 2:
Generation 0. best score: -10
Generation 10. best score: -4

Experiment 3:
Generation 0. best score: -16
Generation 10. best score: -8
Generation 20. best score: -3
Generation 30. best score: -2

Experiment 4:
Generation 0. best score: -12
Generation 10. best score: -10
Generation 20. best score: -6
Generation 30. best score: -2

Experiment 5:
Generation 0. best score: -14
Generation 10. best score: -9
Generation 20. best score: -2

Experiment 6:
Generation 0. best score: -12
Generation 10. best score: -7
Generation 20. best score: -5
Generation 30. best score: -3
Generation 40. best score: -3
Generation 50. best score: -3

Experiment 7:
Generation 0. best score: -13
Generation 10. best score: -4
Generation 20. best score: -2
Generation 30. best score: -2

Experiment 8:
Generation 0. best score: -11
Generation 10. best score: -4
Generation 20. best score: 0

Experiment 9:
Generation 0. best score: -13
Generation 10. best score: -9
Generation 20. best score: -5
Generation 30. best score: -4
Generation 40. best score: -3
Generation 50. best score: -2
Mean: 48.1625; Std: 22.998738685677438
Time mean: 0.9380296528339386; Std: 0.3737883632727496

Parameters: [ pop_size=30, p_mutation=0.03, p_crossover=0.9, selection_pressure=5 ]

Experiment 0:
Generation 0. best score: -16
Generation 10. best score: -13
Generation 20. best score: -10
Generation 30. best score: -9
Generation 40. best score: -5
Generation 50. best score: -2
Generation 60. best score: -2

Experiment 1:
Generation 0. best score: -13
Generation 10. best score: -8
Generation 20. best score: -4

Experiment 2:
Generation 0. best score: -12
Generation 10. best score: -9
Generation 20. best score: -5
Generation 30. best score: 0

Experiment 3:
Generation 0. best score: -16
Generation 10. best score: -11
Generation 20. best score: -8
Generation 30. best score: -6
Generation 40. best score: -4
Generation 50. best score: -4
Generation 60. best score: -2
Generation 70. best score: 0

Experiment 4:
Generation 0. best score: -13
Generation 10. best score: -7
Generation 20. best score: -6
Generation 30. best score: -2
Generation 40. best score: -2

Experiment 5:
Generation 0. best score: -9
Generation 10. best score: -7
Generation 20. best score: -4
Generation 30. best score: -2
Generation 40. best score: -2
Generation 50. best score: -2

Experiment 6:
Generation 0. best score: -13
Generation 10. best score: -9
Generation 20. best score: -8
Generation 30. best score: -4
Generation 40. best score: -4
Generation 50. best score: -2

Experiment 7:
Generation 0. best score: -13
Generation 10. best score: -11
Generation 20. best score: -6
Generation 30. best score: -4
Generation 40. best score: -3

Experiment 8:
Generation 0. best score: -15
Generation 10. best score: -10
Generation 20. best score: -8
Generation 30. best score: -4

Experiment 9:
Generation 0. best score: -10
Generation 10. best score: -6
Generation 20. best score: -6
Generation 30. best score: -2
Mean: 48.082352941176474; Std: 22.570972490449677
Time mean: 0.9489107552696677; Std: 0.3729332949052483

Parameters: [ pop_size=30, p_mutation=0.03, p_crossover=0.9, selection_pressure=10 ]

Experiment 0:
Generation 0. best score: -14
Generation 10. best score: -13
Generation 20. best score: -10
Generation 30. best score: -8
Generation 40. best score: -2
Generation 50. best score: -2

Experiment 1:
Generation 0. best score: -13
Generation 10. best score: -6
Generation 20. best score: -5
Generation 30. best score: -2

Experiment 2:
Generation 0. best score: -10
Generation 10. best score: -7
Generation 20. best score: -3

Experiment 3:
Generation 0. best score: -5
Generation 10. best score: -2

Experiment 4:
Generation 0. best score: -11
Generation 10. best score: -6
Generation 20. best score: -2
Generation 30. best score: 0

Experiment 5:
Generation 0. best score: -15
Generation 10. best score: -9
Generation 20. best score: -4
Generation 30. best score: -3
Generation 40. best score: -2

Experiment 6:
Generation 0. best score: -15
Generation 10. best score: -9
Generation 20. best score: -6
Generation 30. best score: -5
Generation 40. best score: -2
Generation 50. best score: -2

Experiment 7:
Generation 0. best score: -14
Generation 10. best score: -6
Generation 20. best score: -3
Generation 30. best score: -3

Experiment 8:
Generation 0. best score: -14
Generation 10. best score: -9
Generation 20. best score: -6
Generation 30. best score: -4
Generation 40. best score: -2

Experiment 9:
Generation 0. best score: -10
Generation 10. best score: -6
Generation 20. best score: -2
Mean: 47.455555555555556; Std: 22.250308446100625
Time mean: 0.9459224409527249; Std: 0.3676541242377869

Parameters: [ pop_size=30, p_mutation=0.03, p_crossover=1.0, selection_pressure=5 ]

Experiment 0:
Generation 0. best score: -8
Generation 10. best score: -7
Generation 20. best score: -5
Generation 30. best score: -5
Generation 40. best score: -3
Generation 50. best score: -2

Experiment 1:
Generation 0. best score: -10
Generation 10. best score: -7
Generation 20. best score: -4

Experiment 2:
Generation 0. best score: -13
Generation 10. best score: -9
Generation 20. best score: -6
Generation 30. best score: -4

Experiment 3:
Generation 0. best score: -12
Generation 10. best score: -4
Generation 20. best score: -4
Generation 30. best score: -4
Generation 40. best score: 0

Experiment 4:
Generation 0. best score: -11
Generation 10. best score: -9
Generation 20. best score: -6
Generation 30. best score: -4
Generation 40. best score: -3
Generation 50. best score: -3
Generation 60. best score: -3

Experiment 5:
Generation 0. best score: -13
Generation 10. best score: -9
Generation 20. best score: -7
Generation 30. best score: -6
Generation 40. best score: -5
Generation 50. best score: -5
Generation 60. best score: -4
Generation 70. best score: -2

Experiment 6:
Generation 0. best score: -13
Generation 10. best score: -6
Generation 20. best score: -5
Generation 30. best score: -4
Generation 40. best score: -2
Generation 50. best score: -2
Generation 60. best score: -2

Experiment 7:
Generation 0. best score: -6
Generation 10. best score: -4
Generation 20. best score: -2
Generation 30. best score: -2

Experiment 8:
Generation 0. best score: -14
Generation 10. best score: -11
Generation 20. best score: -4
Generation 30. best score: -2
Generation 40. best score: -2

Experiment 9:
Generation 0. best score: -17
Generation 10. best score: -7
Generation 20. best score: -7
Generation 30. best score: -2
Mean: 47.55263157894737; Std: 21.9505183899701
Time mean: 0.9587175808454814; Std: 0.3710218811585385

Parameters: [ pop_size=30, p_mutation=0.03, p_crossover=1.0, selection_pressure=10 ]

Experiment 0:
Generation 0. best score: -14
Generation 10. best score: -10
Generation 20. best score: -4
Generation 30. best score: -5
Generation 40. best score: -4

Experiment 1:
Generation 0. best score: -13
Generation 10. best score: -7
Generation 20. best score: -4

Experiment 2:
Generation 0. best score: -13
Generation 10. best score: -8
Generation 20. best score: -4
Generation 30. best score: -4
Generation 40. best score: -2
Generation 50. best score: -2

Experiment 3:
Generation 0. best score: -14
Generation 10. best score: -10
Generation 20. best score: -6
Generation 30. best score: -6
Generation 40. best score: -4
Generation 50. best score: -4
Generation 60. best score: -2

Experiment 4:
Generation 0. best score: -9

Experiment 5:
Generation 0. best score: -14
Generation 10. best score: -8
Generation 20. best score: -7
Generation 30. best score: -5
Generation 40. best score: -2

Experiment 6:
Generation 0. best score: -16
Generation 10. best score: -9
Generation 20. best score: -3
Generation 30. best score: -2
Generation 40. best score: -2

Experiment 7:
Generation 0. best score: -12
Generation 10. best score: -10
Generation 20. best score: -7
Generation 30. best score: -5
Generation 40. best score: -3
Generation 50. best score: -2
Generation 60. best score: -2
Generation 70. best score: -2

Experiment 8:
Generation 0. best score: -16
Generation 10. best score: -9
Generation 20. best score: -6
Generation 30. best score: -6
Generation 40. best score: -2

Experiment 9:
Generation 0. best score: -13
Generation 10. best score: -7
Generation 20. best score: -2
Mean: 47.455; Std: 21.810236290218768
Time mean: 0.965981297492981; Std: 0.3754336361748366

Parameters: [ pop_size=30, p_mutation=0.07, p_crossover=0.9, selection_pressure=5 ]

Experiment 0:
Generation 0. best score: -13
Generation 10. best score: -7
Generation 20. best score: -8
Generation 30. best score: -3
Generation 40. best score: -2

Experiment 1:
Generation 0. best score: -15
Generation 10. best score: -10
Generation 20. best score: -6
Generation 30. best score: -2
Generation 40. best score: -2

Experiment 2:
Generation 0. best score: -8
Generation 10. best score: -8
Generation 20. best score: -8

Experiment 3:
Generation 0. best score: -15
Generation 10. best score: -9
Generation 20. best score: -8
Generation 30. best score: -8
Generation 40. best score: -3

Experiment 4:
Generation 0. best score: -15
Generation 10. best score: -11
Generation 20. best score: -6
Generation 30. best score: -7
Generation 40. best score: -5
Generation 50. best score: -4
Generation 60. best score: -4

Experiment 5:
Generation 0. best score: -13
Generation 10. best score: -10
Generation 20. best score: -6
Generation 30. best score: -2

Experiment 6:
Generation 0. best score: -10
Generation 10. best score: -4
Generation 20. best score: -2

Experiment 7:
Generation 0. best score: -14
Generation 10. best score: -11
Generation 20. best score: -6
Generation 30. best score: -2
Generation 40. best score: -2
Generation 50. best score: -2
Generation 60. best score: -2

Experiment 8:
Generation 0. best score: -16
Generation 10. best score: -12
Generation 20. best score: -7
Generation 30. best score: -6
Generation 40. best score: -4

Experiment 9:
Generation 0. best score: -15
Generation 10. best score: -10
Generation 20. best score: -8
Generation 30. best score: -6
Generation 40. best score: -3
Generation 50. best score: -3
Generation 60. best score: -3
Generation 70. best score: -2
Generation 80. best score: -3
Generation 90. best score: -2
Generation 100. best score: -2
Mean: 47.7; Std: 21.87109910536172
Time mean: 0.9950903642745245; Std: 0.41346168864368443

Parameters: [ pop_size=30, p_mutation=0.07, p_crossover=0.9, selection_pressure=10 ]

Experiment 0:
Generation 0. best score: -14
Generation 10. best score: -7
Generation 20. best score: -6
Generation 30. best score: -2

Experiment 1:
Generation 0. best score: -16
Generation 10. best score: -11
Generation 20. best score: -6
Generation 30. best score: -4
Generation 40. best score: -4
Generation 50. best score: -3

Experiment 2:
Generation 0. best score: -17
Generation 10. best score: -12
Generation 20. best score: -8
Generation 30. best score: -5
Generation 40. best score: -2
Generation 50. best score: -2

Experiment 3:
Generation 0. best score: -14
Generation 10. best score: -8
Generation 20. best score: -6
Generation 30. best score: 0

Experiment 4:
Generation 0. best score: -9
Generation 10. best score: -4
Generation 20. best score: -2
Generation 30. best score: -2

Experiment 5:
Generation 0. best score: -12
Generation 10. best score: -9
Generation 20. best score: -6
Generation 30. best score: -5
Generation 40. best score: -4
Generation 50. best score: -2

Experiment 6:
Generation 0. best score: -13
Generation 10. best score: -7
Generation 20. best score: -5
Generation 30. best score: -5

Experiment 7:
Generation 0. best score: -13
Generation 10. best score: -10
Generation 20. best score: -5
Generation 30. best score: -2

Experiment 8:
Generation 0. best score: -14
Generation 10. best score: -6
Generation 20. best score: -4
Generation 30. best score: -2

Experiment 9:
Generation 0. best score: -10
Generation 10. best score: -7
Generation 20. best score: -2
Generation 30. best score: -2
Mean: 47.42727272727273; Std: 21.50138960823457
Time mean: 1.0077914194627242; Std: 0.4123269632265003

Parameters: [ pop_size=30, p_mutation=0.07, p_crossover=1.0, selection_pressure=5 ]

Experiment 0:
Generation 0. best score: -15
Generation 10. best score: -8
Generation 20. best score: -5
Generation 30. best score: -5
Generation 40. best score: -5
Generation 50. best score: -5
Generation 60. best score: -2

Experiment 1:
Generation 0. best score: -11
Generation 10. best score: -7
Generation 20. best score: -6
Generation 30. best score: -2

Experiment 2:
Generation 0. best score: -14
Generation 10. best score: -10
Generation 20. best score: -2
Generation 30. best score: -2
Generation 40. best score: -2

Experiment 3:
Generation 0. best score: -15
Generation 10. best score: -13
Generation 20. best score: -5
Generation 30. best score: -2
Generation 40. best score: -2
Generation 50. best score: -2

Experiment 4:
Generation 0. best score: -13
Generation 10. best score: -8
Generation 20. best score: -4
Generation 30. best score: -6
Generation 40. best score: -2

Experiment 5:
Generation 0. best score: -14
Generation 10. best score: -9
Generation 20. best score: -6
Generation 30. best score: -4
Generation 40. best score: -2
Generation 50. best score: -2

Experiment 6:
Generation 0. best score: -11
Generation 10. best score: -8
Generation 20. best score: -4
Generation 30. best score: -3
Generation 40. best score: -2
Generation 50. best score: 0

Experiment 7:
Generation 0. best score: -12
Generation 10. best score: -10
Generation 20. best score: -5
Generation 30. best score: -5
Generation 40. best score: -4
Generation 50. best score: -2
Generation 60. best score: -2
Generation 70. best score: -2

Experiment 8:
Generation 0. best score: -12
Generation 10. best score: -11
Generation 20. best score: -6
Generation 30. best score: -4
Generation 40. best score: -3
Generation 50. best score: -2
Generation 60. best score: -2
Generation 70. best score: -2

Experiment 9:
Generation 0. best score: -11
Generation 10. best score: -10
Generation 20. best score: -6
Generation 30. best score: -4
Generation 40. best score: -2
Generation 50. best score: -2
Mean: 47.83913043478261; Std: 21.24355004359037
Time mean: 1.0383388000985851; Std: 0.4334958705269286

Parameters: [ pop_size=30, p_mutation=0.07, p_crossover=1.0, selection_pressure=10 ]

Experiment 0:
Generation 0. best score: -15
Generation 10. best score: -8
Generation 20. best score: -5

Experiment 1:
Generation 0. best score: -11
Generation 10. best score: -7
Generation 20. best score: -5

Experiment 2:
Generation 0. best score: -13
Generation 10. best score: -4
Generation 20. best score: -4
Generation 30. best score: -2
Generation 40. best score: -2

Experiment 3:
Generation 0. best score: -16
Generation 10. best score: -6
Generation 20. best score: -2

Experiment 4:
Generation 0. best score: -13
Generation 10. best score: -6
Generation 20. best score: -2

Experiment 5:
Generation 0. best score: -14
Generation 10. best score: -9
Generation 20. best score: -7
Generation 30. best score: -4
Generation 40. best score: -5
Generation 50. best score: 0

Experiment 6:
Generation 0. best score: -16
Generation 10. best score: -10
Generation 20. best score: -7
Generation 30. best score: -3

Experiment 7:
Generation 0. best score: -9
Generation 10. best score: -4
Generation 20. best score: -3
Generation 30. best score: -3
Generation 40. best score: -3

Experiment 8:
Generation 0. best score: -11
Generation 10. best score: -8
Generation 20. best score: -3
Generation 30. best score: -3
Generation 40. best score: -3
Generation 50. best score: -2
Generation 60. best score: -2
Generation 70. best score: -2
Generation 80. best score: -2

Experiment 9:
Generation 0. best score: -8
Generation 10. best score: -6
Generation 20. best score: 0
Mean: 47.46666666666667; Std: 21.172308959267202
Time mean: 1.0452662696441015; Std: 0.43720111671816125

------------=== END OF EXPERIMENTS ===------------
-	Ended on:  2020-12-24 20:22:31.407547  -
--------------------------------------------------
