10 & 0.03 & 0.9 & 5 & 26.100 & 14.745 & 0.393 & 0.202 \\
10 & 0.03 & 0.9 & 10 & 54.450 & 103.322 & 0.788 & 1.441 \\
10 & 0.03 & 1.0 & 5 & 563.933 & 1434.865 & 8.080 & 20.521 \\
10 & 0.03 & 1.0 & 10 & 541.025 & 1339.086 & 7.758 & 19.155 \\
10 & 0.07 & 0.9 & 5 & 436.480 & 1213.190 & 6.269 & 17.352 \\
10 & 0.07 & 0.9 & 10 & 393.400 & 1120.172 & 5.684 & 16.037 \\
10 & 0.07 & 1.0 & 5 & 359.457 & 1046.462 & 5.223 & 14.996 \\
10 & 0.07 & 1.0 & 10 & 364.012 & 985.846 & 5.348 & 14.152 \\
20 & 0.03 & 0.9 & 5 & 342.433 & 936.265 & 5.068 & 13.458 \\
20 & 0.03 & 0.9 & 10 & 312.450 & 892.670 & 4.636 & 12.833 \\
20 & 0.03 & 1.0 & 5 & 317.854 & 877.480 & 4.784 & 12.753 \\
20 & 0.03 & 1.0 & 10 & 322.425 & 863.368 & 4.908 & 12.659 \\
20 & 0.07 & 0.9 & 5 & 298.915 & 833.258 & 4.559 & 12.219 \\ 
20 & 0.07 & 0.9 & 10 & 278.778 & 806.029 & 4.261 & 11.821 \\
20 & 0.07 & 1.0 & 5 & 262.393 & 781.031 & 4.023 & 11.454 \\
20 & 0.07 & 1.0 & 10 & 246.787 & 758.501 & 3.791 & 11.125 \\ 
30 & 0.03 & 0.9 & 5 & 234.529 & 737.602 & 3.615 & 10.820 \\
30 & 0.03 & 0.9 & 10 & 235.000 & 721.353 & 3.671 & 10.627 \\
30 & 0.03 & 1.0 & 5 & 234.505 & 709.763 & 3.709 & 10.533 \\
30 & 0.03 & 1.0 & 10 & 228.935 & 696.039 & 3.645 & 10.364 \\
30 & 0.07 & 0.9 & 5 & 218.857 & 680.687 & 3.494 & 10.136 \\
30 & 0.07 & 0.9 & 10 & 209.500 & 666.353 & 3.353 & 9.923 \\
30 & 0.07 & 1.0 & 5 & 201.000 & 652.872 & 3.225 & 9.723 \\
30 & 0.07 & 1.0 & 10 & 193.179 & 640.175 & 3.107 & 9.534 \\
