Reading input from file: inputs/n8_00/n8_00_10empty.txt 

1: 	9,1 [color_value:9, group_value: 1]
2: 	5,1 [color_value:5, group_value: 1]
3: 	3,1 [color_value:3, group_value: 1]
4: 	6,1 [color_value:6, group_value: 1]
5: 	1,2 [color_value:1, group_value: 2]
6: 	8,3 [color_value:8, group_value: 3]
7: 	4,3 [color_value:4, group_value: 3]
8: 	2,3 [color_value:2, group_value: 3]
9: 	7,3 [color_value:7, group_value: 3]
10: 	1,1 [color_value:1, group_value: 1]
11: 	4,1 [color_value:4, group_value: 1]
12: 	7,1 [color_value:7, group_value: 1]
13: 	8,2 [color_value:8, group_value: 2]
14: 	2,2 [color_value:2, group_value: 2]
15: 	5,2 [color_value:5, group_value: 2]
16: 	6,2 [color_value:6, group_value: 2]
17: 	9,3 [color_value:9, group_value: 3]
18: 	3,3 [color_value:3, group_value: 3]
19: 	3,4 [color_value:3, group_value: 4]
20: 	8,1 [color_value:8, group_value: 1]
21: 	2,1 [color_value:2, group_value: 1]
22: 	4,2 [color_value:4, group_value: 2]
23: 	9,2 [color_value:9, group_value: 2]
24: 	7,2 [color_value:7, group_value: 2]
25: 	5,3 [color_value:5, group_value: 3]
26: 	6,3 [color_value:6, group_value: 3]
27: 	1,3 [color_value:1, group_value: 3]
28: 	5,4 [color_value:5, group_value: 4]
29: 	9,4 [color_value:9, group_value: 4]
30: 	4,4 [color_value:4, group_value: 4]
31: 	3,2 [color_value:3, group_value: 2]
32: 	7,5 [color_value:7, group_value: 5]
33: 	0,5 [color_value:0, group_value: 5]
34: 	0,5 [color_value:0, group_value: 5]
35: 	8,6 [color_value:8, group_value: 6]
36: 	0,6 [color_value:0, group_value: 6]
37: 	6,4 [color_value:6, group_value: 4]
38: 	0,4 [color_value:0, group_value: 4]
39: 	8,4 [color_value:8, group_value: 4]
40: 	9,7 [color_value:9, group_value: 7]
41: 	5,5 [color_value:5, group_value: 5]
42: 	3,5 [color_value:3, group_value: 5]
43: 	2,5 [color_value:2, group_value: 5]
44: 	7,6 [color_value:7, group_value: 6]
45: 	4,6 [color_value:4, group_value: 6]
46: 	7,4 [color_value:7, group_value: 4]
47: 	2,4 [color_value:2, group_value: 4]
48: 	1,7 [color_value:1, group_value: 7]
49: 	5,7 [color_value:5, group_value: 7]
50: 	0,8 [color_value:0, group_value: 8]
51: 	4,5 [color_value:4, group_value: 5]
52: 	9,6 [color_value:9, group_value: 6]
53: 	3,6 [color_value:3, group_value: 6]
54: 	6,6 [color_value:6, group_value: 6]
55: 	2,7 [color_value:2, group_value: 7]
56: 	3,7 [color_value:3, group_value: 7]
57: 	6,7 [color_value:6, group_value: 7]
58: 	7,8 [color_value:7, group_value: 8]
59: 	4,8 [color_value:4, group_value: 8]
60: 	9,5 [color_value:9, group_value: 5]
61: 	8,5 [color_value:8, group_value: 5]
62: 	1,6 [color_value:1, group_value: 6]
63: 	5,6 [color_value:5, group_value: 6]
64: 	0,7 [color_value:0, group_value: 7]
65: 	6,8 [color_value:6, group_value: 8]
66: 	9,8 [color_value:9, group_value: 8]
67: 	2,8 [color_value:2, group_value: 8]
68: 	0,8 [color_value:0, group_value: 8]
69: 	1,8 [color_value:1, group_value: 8]
70: 	7,9 [color_value:7, group_value: 9]
71: 	0,9 [color_value:0, group_value: 9]
72: 	0,9 [color_value:0, group_value: 9]
73: 	0,7 [color_value:0, group_value: 7]
74: 	7,7 [color_value:7, group_value: 7]
75: 	5,8 [color_value:5, group_value: 8]
76: 	1,9 [color_value:1, group_value: 9]
77: 	6,9 [color_value:6, group_value: 9]
78: 	2,9 [color_value:2, group_value: 9]
79: 	3,9 [color_value:3, group_value: 9]
80: 	4,9 [color_value:4, group_value: 9]
81: 	9,9 [color_value:9, group_value: 9]
Number of zeros (empty cells) in board: 10

Experimenting on the following Nonomino board:
9 5 3 6 1 8 4 2 7 
1 4 7 8 2 5 6 9 3 
3 8 2 4 9 7 5 6 1 
5 9 4 3 7 0 0 8 0 
6 0 8 9 5 3 2 7 4 
7 2 1 5 0 4 9 3 6 
2 3 6 7 4 9 8 1 5 
0 6 9 2 0 1 7 0 0 
0 7 5 1 6 2 3 4 9 

---------=== BEGINNING OF EXPERIMENTS ===---------
-	Started on:  2020-12-24 18:27:07.642831  -
--------------------------------------------------
max_gen = 10000

Parameters: [ pop_size=10, p_mutation=0.03, p_crossover=0.9, selection_pressure=5 ]

Experiment 0:
Generation 0. best score: -3
Generation 10. best score: -3
Generation 20. best score: -3
Generation 30. best score: -2

Experiment 1:
Generation 0. best score: -3
Generation 10. best score: -3

Experiment 2:
Generation 0. best score: -3

Experiment 3:
Generation 0. best score: -5
Generation 10. best score: -3

Experiment 4:
Generation 0. best score: -3
Generation 10. best score: -3

Experiment 5:
Generation 0. best score: -5
Generation 10. best score: -3

Experiment 6:
Generation 0. best score: -2

Experiment 7:
Generation 0. best score: -3
Generation 10. best score: -2

Experiment 8:
Generation 0. best score: -5
Generation 10. best score: -3

Experiment 9:
Generation 0. best score: -4
Generation 10. best score: -3
Mean: 17.3; Std: 8.525126261691247
Time mean: 0.26936428546905516; Std: 0.11899475243555138

Parameters: [ pop_size=10, p_mutation=0.03, p_crossover=0.9, selection_pressure=10 ]

Experiment 0:

Experiment 1:

Experiment 2:
Generation 0. best score: -3

Experiment 3:
Generation 0. best score: -2
Generation 10. best score: -2

Experiment 4:
Generation 0. best score: -3
Generation 10. best score: -2
Generation 20. best score: -2
Generation 30. best score: -2
Generation 40. best score: -2

Experiment 5:
Generation 0. best score: -3
Generation 10. best score: -2
Generation 20. best score: -2

Experiment 6:
Generation 0. best score: -4
Generation 10. best score: -3
Generation 20. best score: -3
Generation 30. best score: 0

Experiment 7:
Generation 0. best score: -2

Experiment 8:
Generation 0. best score: -4
Generation 10. best score: -4
Generation 20. best score: -3
Generation 30. best score: -3

Experiment 9:
Mean: 16.65; Std: 12.974773094050827
Time mean: 0.25991215705871584; Std: 0.17687475820483056

Parameters: [ pop_size=10, p_mutation=0.03, p_crossover=1.0, selection_pressure=5 ]

Experiment 0:
Generation 0. best score: -3
Generation 10. best score: -3
Generation 20. best score: -3

Experiment 1:
Generation 0. best score: -4
Generation 10. best score: -4
Generation 20. best score: -3
Generation 30. best score: -2
Generation 40. best score: -2
Generation 50. best score: -2
Generation 60. best score: 0

Experiment 2:
Generation 0. best score: -2

Experiment 3:
Generation 0. best score: -3
Generation 10. best score: -3
Generation 20. best score: -3

Experiment 4:

Experiment 5:
Generation 0. best score: -5
Generation 10. best score: -3

Experiment 6:
Generation 0. best score: -2

Experiment 7:
Generation 0. best score: -3
Generation 10. best score: -3

Experiment 8:
Generation 0. best score: -2
Generation 10. best score: -2

Experiment 9:
Generation 0. best score: -2
Generation 10. best score: -2
Mean: 17.333333333333332; Std: 14.310192493303585
Time mean: 0.2704588015874227; Std: 0.19701931239774434

Parameters: [ pop_size=10, p_mutation=0.03, p_crossover=1.0, selection_pressure=10 ]

Experiment 0:
Generation 0. best score: -2

Experiment 1:
Generation 0. best score: -3
Generation 10. best score: -3

Experiment 2:
Generation 0. best score: -2

Experiment 3:
Generation 0. best score: -2

Experiment 4:
Generation 0. best score: -3

Experiment 5:
Generation 0. best score: -3
Generation 10. best score: -3
Generation 20. best score: -2
Generation 30. best score: -2

Experiment 6:
Generation 0. best score: -5

Experiment 7:
Generation 0. best score: -4
Generation 10. best score: -3

Experiment 8:

Experiment 9:
Generation 0. best score: -5
Mean: 15.425; Std: 13.735388506915173
Time mean: 0.2444167137145996; Std: 0.18943463535274618

Parameters: [ pop_size=10, p_mutation=0.07, p_crossover=0.9, selection_pressure=5 ]

Experiment 0:
Generation 0. best score: -5
Generation 10. best score: -2

Experiment 1:
Generation 0. best score: -4

Experiment 2:
Generation 0. best score: -3

Experiment 3:
Generation 0. best score: -3

Experiment 4:
Generation 0. best score: -2

Experiment 5:
Generation 0. best score: -5
Generation 10. best score: -2

Experiment 6:
Generation 0. best score: -5

Experiment 7:
Generation 0. best score: -3

Experiment 8:
Generation 0. best score: -3

Experiment 9:
Generation 0. best score: -5
Generation 10. best score: -2
Mean: 14.0; Std: 12.70706054739262
Time mean: 0.22633501052856445; Std: 0.17487422730369628

Parameters: [ pop_size=10, p_mutation=0.07, p_crossover=0.9, selection_pressure=10 ]

Experiment 0:
Generation 0. best score: -3

Experiment 1:
Generation 0. best score: -3

Experiment 2:
Generation 0. best score: -3

Experiment 3:
Generation 0. best score: -3

Experiment 4:
Generation 0. best score: -2

Experiment 5:
Generation 0. best score: -3

Experiment 6:
Generation 0. best score: -6
Generation 10. best score: -2

Experiment 7:
Generation 0. best score: -3

Experiment 8:
Generation 0. best score: -5
Generation 10. best score: -3

Experiment 9:
Generation 0. best score: -2
Mean: 13.033333333333333; Std: 11.934804063016657
Time mean: 0.21392544507980346; Std: 0.16413281989100983

Parameters: [ pop_size=10, p_mutation=0.07, p_crossover=1.0, selection_pressure=5 ]

Experiment 0:
Generation 0. best score: -5

Experiment 1:
Generation 0. best score: -3

Experiment 2:

Experiment 3:
Generation 0. best score: -5
Generation 10. best score: -2

Experiment 4:
Generation 0. best score: -2

Experiment 5:
Generation 0. best score: -2

Experiment 6:

Experiment 7:
Generation 0. best score: 0

Experiment 8:
Generation 0. best score: -5
Generation 10. best score: -2
Generation 20. best score: 0

Experiment 9:
Generation 0. best score: -5
Mean: 12.271428571428572; Std: 11.433387960200038
Time mean: 0.20439209256853377; Std: 0.15745283882393615

Parameters: [ pop_size=10, p_mutation=0.07, p_crossover=1.0, selection_pressure=10 ]

Experiment 0:
Generation 0. best score: -6
Generation 10. best score: -4

Experiment 1:
Generation 0. best score: -6
Generation 10. best score: -6

Experiment 2:
Generation 0. best score: -3

Experiment 3:
Generation 0. best score: -5

Experiment 4:
Generation 0. best score: -3
Generation 10. best score: -3

Experiment 5:
Generation 0. best score: -5
Generation 10. best score: -2

Experiment 6:
Generation 0. best score: -3

Experiment 7:
Generation 0. best score: -3

Experiment 8:
Generation 0. best score: -3
Generation 10. best score: -3

Experiment 9:
Mean: 11.975; Std: 10.916222975490786
Time mean: 0.20133605003356933; Std: 0.15066216037428512

Parameters: [ pop_size=20, p_mutation=0.03, p_crossover=0.9, selection_pressure=5 ]

Experiment 0:
Generation 0. best score: -5
Generation 10. best score: -3

Experiment 1:
Generation 0. best score: -4
Generation 10. best score: -2
Generation 20. best score: -2

Experiment 2:
Generation 0. best score: -5
Generation 10. best score: 0

Experiment 3:
Generation 0. best score: -2

Experiment 4:

Experiment 5:
Generation 0. best score: -2
Generation 10. best score: -2

Experiment 6:
Generation 0. best score: -5
Generation 10. best score: -2

Experiment 7:
Generation 0. best score: -3
Generation 10. best score: -2

Experiment 8:

Experiment 9:
Generation 0. best score: -3
Mean: 11.966666666666667; Std: 10.664916757209228
Time mean: 0.20638131300608317; Std: 0.14946990010633973

Parameters: [ pop_size=20, p_mutation=0.03, p_crossover=0.9, selection_pressure=10 ]

Experiment 0:

Experiment 1:
Generation 0. best score: -5
Generation 10. best score: 0

Experiment 2:
Generation 0. best score: -3

Experiment 3:
Generation 0. best score: -3
Generation 10. best score: -3
Generation 20. best score: -3

Experiment 4:
Generation 0. best score: -3
Generation 10. best score: -2
Generation 20. best score: -2

Experiment 5:
Generation 0. best score: -3

Experiment 6:

Experiment 7:
Generation 0. best score: -5
Generation 10. best score: -2
Generation 20. best score: -2

Experiment 8:
Generation 0. best score: -3

Experiment 9:
Generation 0. best score: -3
Generation 10. best score: -2
Generation 20. best score: 0
Mean: 12.11; Std: 10.637170391574719
Time mean: 0.21287064790725707; Std: 0.15209850814112993

Parameters: [ pop_size=20, p_mutation=0.03, p_crossover=1.0, selection_pressure=5 ]

Experiment 0:
Generation 0. best score: -2

Experiment 1:
Generation 0. best score: -3
Generation 10. best score: -3

Experiment 2:
Generation 0. best score: -3

Experiment 3:
Generation 0. best score: -2
Generation 10. best score: -2
Generation 20. best score: -2

Experiment 4:

Experiment 5:

Experiment 6:
Generation 0. best score: -2
Generation 10. best score: -2

Experiment 7:

Experiment 8:
Generation 0. best score: -2

Experiment 9:
Mean: 11.681818181818182; Std: 10.56125150543885
Time mean: 0.20983535809950396; Std: 0.15140013368781163

Parameters: [ pop_size=20, p_mutation=0.03, p_crossover=1.0, selection_pressure=10 ]

Experiment 0:
Generation 0. best score: -2
Generation 10. best score: -2

Experiment 1:
Generation 0. best score: -2
Generation 10. best score: -2

Experiment 2:
Generation 0. best score: -2
Generation 10. best score: -2

Experiment 3:

Experiment 4:
Generation 0. best score: -4

Experiment 5:
Generation 0. best score: -3
Generation 10. best score: 0

Experiment 6:
Generation 0. best score: -2

Experiment 7:
Generation 0. best score: -3

Experiment 8:
Generation 0. best score: -3
Generation 10. best score: -3

Experiment 9:
Generation 0. best score: -2
Mean: 11.608333333333333; Std: 10.248423394494841
Time mean: 0.21190476814905804; Std: 0.14750499977460868

Parameters: [ pop_size=20, p_mutation=0.07, p_crossover=0.9, selection_pressure=5 ]

Experiment 0:
Generation 0. best score: -3

Experiment 1:
Generation 0. best score: -5

Experiment 2:
Generation 0. best score: -3

Experiment 3:

Experiment 4:
Generation 0. best score: -3

Experiment 5:
Generation 0. best score: -5

Experiment 6:
Generation 0. best score: -2

Experiment 7:

Experiment 8:
Generation 0. best score: -2

Experiment 9:
Generation 0. best score: -3
Mean: 11.123076923076923; Std: 10.024787406831964
Time mean: 0.20753270112551175; Std: 0.14335458826359854

Parameters: [ pop_size=20, p_mutation=0.07, p_crossover=0.9, selection_pressure=10 ]

Experiment 0:
Generation 0. best score: -3

Experiment 1:
Generation 0. best score: -3
Generation 10. best score: 0

Experiment 2:
Generation 0. best score: -3

Experiment 3:
Generation 0. best score: -3

Experiment 4:
Generation 0. best score: -3

Experiment 5:
Generation 0. best score: -2

Experiment 6:
Generation 0. best score: -3

Experiment 7:
Generation 0. best score: -4

Experiment 8:
Generation 0. best score: -3

Experiment 9:
Generation 0. best score: -2
Mean: 10.7; Std: 9.80140938331221
Time mean: 0.20354100806372508; Std: 0.13936672904915343

Parameters: [ pop_size=20, p_mutation=0.07, p_crossover=1.0, selection_pressure=5 ]

Experiment 0:
Generation 0. best score: -3

Experiment 1:
Generation 0. best score: -3

Experiment 2:
Generation 0. best score: -2
Generation 10. best score: -3

Experiment 3:
Generation 0. best score: -5

Experiment 4:

Experiment 5:
Generation 0. best score: -2

Experiment 6:
Generation 0. best score: -5
Generation 10. best score: -3
Generation 20. best score: -2

Experiment 7:
Generation 0. best score: -2

Experiment 8:
Generation 0. best score: -3
Generation 10. best score: -2
Generation 20. best score: 0

Experiment 9:
Generation 0. best score: -3
Mean: 10.613333333333333; Std: 9.669565252379362
Time mean: 0.2053667386372884; Std: 0.13930704456974227

Parameters: [ pop_size=20, p_mutation=0.07, p_crossover=1.0, selection_pressure=10 ]

Experiment 0:
Generation 0. best score: -5

Experiment 1:
Generation 0. best score: -3

Experiment 2:
Generation 0. best score: -6
Generation 10. best score: -5
Generation 20. best score: -2

Experiment 3:
Generation 0. best score: -3

Experiment 4:

Experiment 5:
Generation 0. best score: -3

Experiment 6:
Generation 0. best score: -5

Experiment 7:
Generation 0. best score: -3
Generation 10. best score: -2

Experiment 8:

Experiment 9:
Generation 0. best score: -4
Mean: 10.45625; Std: 9.559378729714252
Time mean: 0.20537381619215012; Std: 0.13899596124184124

Parameters: [ pop_size=30, p_mutation=0.03, p_crossover=0.9, selection_pressure=5 ]

Experiment 0:
Generation 0. best score: -2
Generation 10. best score: 0

Experiment 1:

Experiment 2:
Generation 0. best score: -3
Generation 10. best score: -2

Experiment 3:
Generation 0. best score: 0

Experiment 4:
Generation 0. best score: -3

Experiment 5:

Experiment 6:
Generation 0. best score: -3

Experiment 7:
Generation 0. best score: -3
Generation 10. best score: 0

Experiment 8:

Experiment 9:
Generation 0. best score: -2
Mean: 10.176470588235293; Std: 9.429497304851775
Time mean: 0.20456673117244945; Std: 0.13685792227940016

Parameters: [ pop_size=30, p_mutation=0.03, p_crossover=0.9, selection_pressure=10 ]

Experiment 0:
Generation 0. best score: -3

Experiment 1:

Experiment 2:
Generation 0. best score: -4

Experiment 3:

Experiment 4:
Generation 0. best score: -2
Generation 10. best score: -2

Experiment 5:
Generation 0. best score: -2

Experiment 6:
Generation 0. best score: -3
Generation 10. best score: -2

Experiment 7:
Generation 0. best score: -3
Generation 10. best score: -3

Experiment 8:
Generation 0. best score: -3

Experiment 9:
Mean: 10.033333333333333; Std: 9.312033423503534
Time mean: 0.2057293838924832; Std: 0.135863778158998

Parameters: [ pop_size=30, p_mutation=0.03, p_crossover=1.0, selection_pressure=5 ]

Experiment 0:
Generation 0. best score: -2
Generation 10. best score: -2

Experiment 1:
Generation 0. best score: -2
Generation 10. best score: -2

Experiment 2:
Generation 0. best score: -2

Experiment 3:
Generation 0. best score: -3
Generation 10. best score: -2

Experiment 4:
Generation 0. best score: -2

Experiment 5:
Generation 0. best score: -2

Experiment 6:
Generation 0. best score: -3
Generation 10. best score: -2

Experiment 7:
Generation 0. best score: -3

Experiment 8:
Generation 0. best score: -3

Experiment 9:
Generation 0. best score: -4
Mean: 10.126315789473685; Std: 9.146939355997135
Time mean: 0.21079245617515163; Std: 0.13561830110045325

Parameters: [ pop_size=30, p_mutation=0.03, p_crossover=1.0, selection_pressure=10 ]

Experiment 0:
Generation 0. best score: -3

Experiment 1:
Generation 0. best score: -3

Experiment 2:

Experiment 3:
Generation 0. best score: -2

Experiment 4:
Generation 0. best score: -3
Generation 10. best score: -3

Experiment 5:

Experiment 6:
Generation 0. best score: -3
Generation 10. best score: -2
Generation 20. best score: -2

Experiment 7:
Generation 0. best score: -3

Experiment 8:

Experiment 9:
Generation 0. best score: -3
Generation 10. best score: -3
Mean: 10.09; Std: 9.120736768264935
Time mean: 0.21325905323028566; Std: 0.1368331469271845

Parameters: [ pop_size=30, p_mutation=0.07, p_crossover=0.9, selection_pressure=5 ]

Experiment 0:
Generation 0. best score: -3

Experiment 1:

Experiment 2:
Generation 0. best score: -2

Experiment 3:
Generation 0. best score: 0

Experiment 4:
Generation 0. best score: -3

Experiment 5:
Generation 0. best score: -2
Generation 10. best score: -2

Experiment 6:
Generation 0. best score: 0

Experiment 7:
Generation 0. best score: -2

Experiment 8:

Experiment 9:
Generation 0. best score: -3
Generation 10. best score: -3
Mean: 9.895238095238096; Std: 9.012934681325149
Time mean: 0.21331182434445337; Std: 0.13554348397486507

Parameters: [ pop_size=30, p_mutation=0.07, p_crossover=0.9, selection_pressure=10 ]

Experiment 0:
Generation 0. best score: -2

Experiment 1:
Generation 0. best score: -2
Generation 10. best score: -2

Experiment 2:
Generation 0. best score: -3

Experiment 3:
Generation 0. best score: -3

Experiment 4:
Generation 0. best score: -2
Generation 10. best score: -2

Experiment 5:

Experiment 6:
Generation 0. best score: -3

Experiment 7:
Generation 0. best score: -3

Experiment 8:
Generation 0. best score: -3

Experiment 9:
Generation 0. best score: -3
Mean: 9.718181818181819; Std: 8.883962070340454
Time mean: 0.21335855614055288; Std: 0.13353488214091166

Parameters: [ pop_size=30, p_mutation=0.07, p_crossover=1.0, selection_pressure=5 ]

Experiment 0:
Generation 0. best score: -2

Experiment 1:
Generation 0. best score: -2

Experiment 2:

Experiment 3:
Generation 0. best score: -3

Experiment 4:
Generation 0. best score: -2

Experiment 5:
Generation 0. best score: -3

Experiment 6:
Generation 0. best score: -3

Experiment 7:
Generation 0. best score: -3

Experiment 8:

Experiment 9:
Mean: 9.41304347826087; Std: 8.816360553210998
Time mean: 0.21048573203708815; Std: 0.13160503216593736

Parameters: [ pop_size=30, p_mutation=0.07, p_crossover=1.0, selection_pressure=10 ]

Experiment 0:
Generation 0. best score: -3
Generation 10. best score: -2

Experiment 1:
Generation 0. best score: -3

Experiment 2:
Generation 0. best score: -3

Experiment 3:
Generation 0. best score: -5
Generation 10. best score: -3

Experiment 4:
Generation 0. best score: -2

Experiment 5:
Generation 0. best score: -3

Experiment 6:
Generation 0. best score: -2
Generation 10. best score: 0

Experiment 7:
Generation 0. best score: -3
Generation 10. best score: -3

Experiment 8:

Experiment 9:
Generation 0. best score: -4
Generation 10. best score: 0
Mean: 9.358333333333333; Std: 8.676227158891804
Time mean: 0.21261266966660816; Std: 0.13048317344810884

------------=== END OF EXPERIMENTS ===------------
-	Ended on:  2020-12-24 18:27:58.671660  -
--------------------------------------------------
