Reading input from file: inputs/n8_00.txt 

1: 	9,1 [color_value:9, group_value: 1]
2: 	0,1 [color_value:0, group_value: 1]
3: 	3,1 [color_value:3, group_value: 1]
4: 	0,1 [color_value:0, group_value: 1]
5: 	0,2 [color_value:0, group_value: 2]
6: 	8,3 [color_value:8, group_value: 3]
7: 	4,3 [color_value:4, group_value: 3]
8: 	2,3 [color_value:2, group_value: 3]
9: 	7,3 [color_value:7, group_value: 3]
10: 	1,1 [color_value:1, group_value: 1]
11: 	4,1 [color_value:4, group_value: 1]
12: 	7,1 [color_value:7, group_value: 1]
13: 	8,2 [color_value:8, group_value: 2]
14: 	2,2 [color_value:2, group_value: 2]
15: 	5,2 [color_value:5, group_value: 2]
16: 	6,2 [color_value:6, group_value: 2]
17: 	9,3 [color_value:9, group_value: 3]
18: 	3,3 [color_value:3, group_value: 3]
19: 	3,4 [color_value:3, group_value: 4]
20: 	0,1 [color_value:0, group_value: 1]
21: 	0,1 [color_value:0, group_value: 1]
22: 	0,2 [color_value:0, group_value: 2]
23: 	9,2 [color_value:9, group_value: 2]
24: 	7,2 [color_value:7, group_value: 2]
25: 	5,3 [color_value:5, group_value: 3]
26: 	6,3 [color_value:6, group_value: 3]
27: 	0,3 [color_value:0, group_value: 3]
28: 	0,4 [color_value:0, group_value: 4]
29: 	0,4 [color_value:0, group_value: 4]
30: 	4,4 [color_value:4, group_value: 4]
31: 	3,2 [color_value:3, group_value: 2]
32: 	0,5 [color_value:0, group_value: 5]
33: 	6,5 [color_value:6, group_value: 5]
34: 	0,5 [color_value:0, group_value: 5]
35: 	8,6 [color_value:8, group_value: 6]
36: 	2,6 [color_value:2, group_value: 6]
37: 	0,4 [color_value:0, group_value: 4]
38: 	0,4 [color_value:0, group_value: 4]
39: 	0,4 [color_value:0, group_value: 4]
40: 	9,7 [color_value:9, group_value: 7]
41: 	5,5 [color_value:5, group_value: 5]
42: 	3,5 [color_value:3, group_value: 5]
43: 	2,5 [color_value:2, group_value: 5]
44: 	7,6 [color_value:7, group_value: 6]
45: 	4,6 [color_value:4, group_value: 6]
46: 	0,4 [color_value:0, group_value: 4]
47: 	2,4 [color_value:2, group_value: 4]
48: 	0,7 [color_value:0, group_value: 7]
49: 	5,7 [color_value:5, group_value: 7]
50: 	8,8 [color_value:8, group_value: 8]
51: 	0,5 [color_value:0, group_value: 5]
52: 	9,6 [color_value:9, group_value: 6]
53: 	3,6 [color_value:3, group_value: 6]
54: 	6,6 [color_value:6, group_value: 6]
55: 	2,7 [color_value:2, group_value: 7]
56: 	0,7 [color_value:0, group_value: 7]
57: 	0,7 [color_value:0, group_value: 7]
58: 	0,8 [color_value:0, group_value: 8]
59: 	4,8 [color_value:4, group_value: 8]
60: 	9,5 [color_value:9, group_value: 5]
61: 	8,5 [color_value:8, group_value: 5]
62: 	1,6 [color_value:1, group_value: 6]
63: 	0,6 [color_value:0, group_value: 6]
64: 	4,7 [color_value:4, group_value: 7]
65: 	6,8 [color_value:6, group_value: 8]
66: 	9,8 [color_value:9, group_value: 8]
67: 	2,8 [color_value:2, group_value: 8]
68: 	3,8 [color_value:3, group_value: 8]
69: 	1,8 [color_value:1, group_value: 8]
70: 	7,9 [color_value:7, group_value: 9]
71: 	5,9 [color_value:5, group_value: 9]
72: 	8,9 [color_value:8, group_value: 9]
73: 	8,7 [color_value:8, group_value: 7]
74: 	7,7 [color_value:7, group_value: 7]
75: 	0,8 [color_value:0, group_value: 8]
76: 	0,9 [color_value:0, group_value: 9]
77: 	6,9 [color_value:6, group_value: 9]
78: 	0,9 [color_value:0, group_value: 9]
79: 	3,9 [color_value:3, group_value: 9]
80: 	0,9 [color_value:0, group_value: 9]
81: 	9,9 [color_value:9, group_value: 9]
Number of zeros (empty cells) in board: 25

Experimenting on the following Nonomino board:
9 0 3 0 0 8 4 2 7 
1 4 7 8 2 5 6 9 3 
3 0 0 0 9 7 5 6 0 
0 0 4 3 0 6 0 8 2 
0 0 0 9 5 3 2 7 4 
0 2 0 5 8 0 9 3 6 
2 0 0 0 4 9 8 1 0 
4 6 9 2 3 1 7 5 8 
8 7 0 0 6 0 3 0 9 

---------=== BEGINNING OF EXPERIMENTS ===---------
-	Started on:  2020-12-23 14:49:19.245135  -
--------------------------------------------------
max_gen = 10000

Parameters: [ pop_size=10, p_mutation=0.03, p_crossover=0.9, selection_pressure=5 ]

Experiment 0:
Generation 0. best score: -15
Generation 10. best score: -11
Generation 20. best score: -7
Generation 30. best score: -7
Generation 40. best score: -4
Generation 50. best score: -3
Generation 60. best score: -3
Generation 70. best score: -2
Generation 80. best score: -2

Experiment 1:
Generation 0. best score: -19
Generation 10. best score: -17
Generation 20. best score: -8
Generation 30. best score: -4
Generation 40. best score: -4
Generation 50. best score: -3
Generation 60. best score: -2

Experiment 2:
Generation 0. best score: -16
Generation 10. best score: -13
Generation 20. best score: -9
Generation 30. best score: -7
Generation 40. best score: -2

Experiment 3:
Generation 0. best score: -19
Generation 10. best score: -12
Generation 20. best score: -6
Generation 30. best score: -4
Generation 40. best score: -4
Generation 50. best score: -4
Generation 60. best score: -2

Experiment 4:
Generation 0. best score: -15
Generation 10. best score: -11
Generation 20. best score: -5
Generation 30. best score: -3
Generation 40. best score: -2

Experiment 5:
Generation 0. best score: -22
Generation 10. best score: -9
Generation 20. best score: -4
Generation 30. best score: -2

Experiment 6:
Generation 0. best score: -19
Generation 10. best score: -11
Generation 20. best score: -6
Generation 30. best score: -4

Experiment 7:
Generation 0. best score: -19
Generation 10. best score: -15
Generation 20. best score: -8
Generation 30. best score: -2

Experiment 8:
Generation 0. best score: -18
Generation 10. best score: -13
Generation 20. best score: -9
Generation 30. best score: -6
Generation 40. best score: -4
Generation 50. best score: -2
Generation 60. best score: -2
Generation 70. best score: -2
Generation 80. best score: -2
Generation 90. best score: -2
Generation 100. best score: -2

Experiment 9:
Generation 0. best score: -15
Generation 10. best score: -11
Generation 20. best score: -5
Generation 30. best score: -2
Generation 40. best score: -2
Generation 50. best score: 0
Mean: 57.1; Std: 22.609978131592943
Time mean: 0.9010017156600952; Std: 0.3418723169815543

Parameters: [ pop_size=10, p_mutation=0.03, p_crossover=0.9, selection_pressure=10 ]

Experiment 0:
Generation 0. best score: -18
Generation 10. best score: -15
Generation 20. best score: -10
Generation 30. best score: -4
Generation 40. best score: -2
Generation 50. best score: -2

Experiment 1:
Generation 0. best score: -18
Generation 10. best score: -13
Generation 20. best score: -10
Generation 30. best score: -6
Generation 40. best score: -4
Generation 50. best score: -4
Generation 60. best score: -4
Generation 70. best score: -2
Generation 80. best score: -2

Experiment 2:
Generation 0. best score: -19
Generation 10. best score: -13
Generation 20. best score: -10
Generation 30. best score: -5
Generation 40. best score: -3

Experiment 3:
Generation 0. best score: -21
Generation 10. best score: -15
Generation 20. best score: -9
Generation 30. best score: -5
Generation 40. best score: -3
Generation 50. best score: -3

Experiment 4:
Generation 0. best score: -15
Generation 10. best score: -10
Generation 20. best score: -5
Generation 30. best score: -3

Experiment 5:
Generation 0. best score: -17
Generation 10. best score: -10
Generation 20. best score: -6
Generation 30. best score: -4
Generation 40. best score: -4
Generation 50. best score: -4
Generation 60. best score: -4
Generation 70. best score: -2
Generation 80. best score: -2
Generation 90. best score: -2
Generation 100. best score: -2
Generation 110. best score: -2
Generation 120. best score: -2

Experiment 6:
Generation 0. best score: -19
Generation 10. best score: -15
Generation 20. best score: -11
Generation 30. best score: -8
Generation 40. best score: -4
Generation 50. best score: -2

Experiment 7:
Generation 0. best score: -20
Generation 10. best score: -14
Generation 20. best score: -4
Generation 30. best score: -2
Generation 40. best score: -2
Generation 50. best score: -2

Experiment 8:
Generation 0. best score: -17
Generation 10. best score: -5
Generation 20. best score: -4
Generation 30. best score: -2

Experiment 9:
Generation 0. best score: -22
Generation 10. best score: -14
Generation 20. best score: -5
Generation 30. best score: -2
Mean: 57.4; Std: 25.255327733913262
Time mean: 0.9402333498001099; Std: 0.433058722533728

Parameters: [ pop_size=10, p_mutation=0.03, p_crossover=1.0, selection_pressure=5 ]

Experiment 0:
Generation 0. best score: -17
Generation 10. best score: -13
Generation 20. best score: -6
Generation 30. best score: -3
Generation 40. best score: -3
Generation 50. best score: -2

Experiment 1:
Generation 0. best score: -11
Generation 10. best score: -7
Generation 20. best score: -4
Generation 30. best score: -2
Generation 40. best score: -2
Generation 50. best score: -2
Generation 60. best score: -2
Generation 70. best score: -2
Generation 80. best score: -2
Generation 90. best score: -2

Experiment 2:
Generation 0. best score: -18
Generation 10. best score: -13
Generation 20. best score: -7
Generation 30. best score: -7
Generation 40. best score: -4
Generation 50. best score: -4
Generation 60. best score: -2
Generation 70. best score: -2
Generation 80. best score: -2
Generation 90. best score: -2

Experiment 3:
Generation 0. best score: -17
Generation 10. best score: -5
Generation 20. best score: -3
Generation 30. best score: -3
Generation 40. best score: -3

Experiment 4:
Generation 0. best score: -17
Generation 10. best score: -11
Generation 20. best score: -8
Generation 30. best score: -4
Generation 40. best score: -4
Generation 50. best score: -4
Generation 60. best score: -4
Generation 70. best score: -4

Experiment 5:
Generation 0. best score: -16
Generation 10. best score: -12
Generation 20. best score: -8
Generation 30. best score: -4

Experiment 6:
Generation 0. best score: -21
Generation 10. best score: -12
Generation 20. best score: -3
Generation 30. best score: -2
Generation 40. best score: 0

Experiment 7:
Generation 0. best score: -13
Generation 10. best score: -9
Generation 20. best score: -7
Generation 30. best score: -4
Generation 40. best score: -2
Generation 50. best score: -2
Generation 60. best score: -2
Generation 70. best score: -2
Generation 80. best score: -2
Generation 90. best score: -2
Generation 100. best score: -2
Generation 110. best score: -2
Generation 120. best score: -2

Experiment 8:
Generation 0. best score: -20
Generation 10. best score: -13
Generation 20. best score: -6
Generation 30. best score: -2
Generation 40. best score: -2

Experiment 9:
Generation 0. best score: -19
Generation 10. best score: -12
Generation 20. best score: -7
Generation 30. best score: -4
Generation 40. best score: 0
Mean: 60.63333333333333; Std: 26.643862375767718
Time mean: 0.9886370579401652; Std: 0.4424964992723359

Parameters: [ pop_size=10, p_mutation=0.03, p_crossover=1.0, selection_pressure=10 ]

Experiment 0:
Generation 0. best score: -21
Generation 10. best score: -19
Generation 20. best score: -12
Generation 30. best score: -10
Generation 40. best score: -5
Generation 50. best score: -3
Generation 60. best score: -3
Generation 70. best score: -3

Experiment 1:
Generation 0. best score: -14
Generation 10. best score: -8
Generation 20. best score: -6
Generation 30. best score: -4
Generation 40. best score: -2
Generation 50. best score: -2

Experiment 2:
Generation 0. best score: -20
Generation 10. best score: -12
Generation 20. best score: -2
Generation 30. best score: -3
Generation 40. best score: -2
Generation 50. best score: -2
Generation 60. best score: -2
Generation 70. best score: -2
Generation 80. best score: -2
Generation 90. best score: -2

Experiment 3:
Generation 0. best score: -14
Generation 10. best score: -9
Generation 20. best score: -7
Generation 30. best score: -4
Generation 40. best score: -2
Generation 50. best score: -2

Experiment 4:
Generation 0. best score: -16
Generation 10. best score: -13
Generation 20. best score: -3
Generation 30. best score: 0

Experiment 5:
Generation 0. best score: -21
Generation 10. best score: -16
Generation 20. best score: -5
Generation 30. best score: -3
Generation 40. best score: -3
Generation 50. best score: -3

Experiment 6:
Generation 0. best score: -25
Generation 10. best score: -15
Generation 20. best score: -9
Generation 30. best score: -7
Generation 40. best score: -7
Generation 50. best score: -7
Generation 60. best score: -5
Generation 70. best score: -5
Generation 80. best score: -2
Generation 90. best score: -2
Generation 100. best score: -2
Generation 110. best score: -2
Generation 120. best score: -2
Generation 130. best score: -2
Generation 140. best score: -2
Generation 150. best score: -2
Generation 160. best score: -2
Generation 170. best score: -2

Experiment 7:
Generation 0. best score: -22
Generation 10. best score: -19
Generation 20. best score: -11
Generation 30. best score: -2
Generation 40. best score: -2
Generation 50. best score: -2
Generation 60. best score: -2
Generation 70. best score: -2
Generation 80. best score: -2

Experiment 8:
Generation 0. best score: -19
Generation 10. best score: -8
Generation 20. best score: -6
Generation 30. best score: -3
Generation 40. best score: -2
Generation 50. best score: -2
Generation 60. best score: -2
Generation 70. best score: -2
Generation 80. best score: -2
Generation 90. best score: -2

Experiment 9:
Generation 0. best score: -20
Generation 10. best score: -14
Generation 20. best score: -7
Generation 30. best score: -5
Generation 40. best score: -2
Generation 50. best score: -2
Mean: 65.15; Std: 31.02815098980527
Time mean: 1.0696396291255952; Std: 0.5163558879957448

Parameters: [ pop_size=10, p_mutation=0.07, p_crossover=0.9, selection_pressure=5 ]

Experiment 0:
Generation 0. best score: -14
Generation 10. best score: -8
Generation 20. best score: -6
Generation 30. best score: -4
Generation 40. best score: -4
Generation 50. best score: -2
Generation 60. best score: -2
Generation 70. best score: -2

Experiment 1:
Generation 0. best score: -18
Generation 10. best score: -8
Generation 20. best score: -4
Generation 30. best score: -2

Experiment 2:
Generation 0. best score: -17
Generation 10. best score: -8
Generation 20. best score: -7
Generation 30. best score: -2
Generation 40. best score: -2

Experiment 3:
Generation 0. best score: -15
Generation 10. best score: -13
Generation 20. best score: -7
Generation 30. best score: -2

Experiment 4:
Generation 0. best score: -16
Generation 10. best score: -7
Generation 20. best score: -4

Experiment 5:
Generation 0. best score: -17
Generation 10. best score: -9
Generation 20. best score: -5
Generation 30. best score: -3

Experiment 6:
Generation 0. best score: -13
Generation 10. best score: -9
Generation 20. best score: -6
Generation 30. best score: -2

Experiment 7:
Generation 0. best score: -20
Generation 10. best score: -8
Generation 20. best score: -6
Generation 30. best score: -5
Generation 40. best score: -4
Generation 50. best score: -3

Experiment 8:
Generation 0. best score: -21
Generation 10. best score: -16
Generation 20. best score: -10
Generation 30. best score: -4
Generation 40. best score: -4
Generation 50. best score: -2

Experiment 9:
Generation 0. best score: -19
Generation 10. best score: -10
Generation 20. best score: -8
Generation 30. best score: -6
Mean: 61.2; Std: 29.513054876838236
Time mean: 1.0250311946868897; Std: 0.48463532355255456

Parameters: [ pop_size=10, p_mutation=0.07, p_crossover=0.9, selection_pressure=10 ]

Experiment 0:
Generation 0. best score: -17
Generation 10. best score: -6
Generation 20. best score: -2
Generation 30. best score: -3
Generation 40. best score: -3
Generation 50. best score: -3

Experiment 1:
Generation 0. best score: -15
Generation 10. best score: -10
Generation 20. best score: -6
Generation 30. best score: -2

Experiment 2:
Generation 0. best score: -16
Generation 10. best score: -11
Generation 20. best score: -6
Generation 30. best score: -2
Generation 40. best score: 0

Experiment 3:
Generation 0. best score: -14
Generation 10. best score: -10
Generation 20. best score: -5
Generation 30. best score: -4

Experiment 4:
Generation 0. best score: -17
Generation 10. best score: -13
Generation 20. best score: -6
Generation 30. best score: -4
Generation 40. best score: -2

Experiment 5:
Generation 0. best score: -16
Generation 10. best score: -5
Generation 20. best score: -3
Generation 30. best score: -2

Experiment 6:
Generation 0. best score: -17
Generation 10. best score: -10
Generation 20. best score: -8
Generation 30. best score: -3
Generation 40. best score: -3

Experiment 7:
Generation 0. best score: -18
Generation 10. best score: -13
Generation 20. best score: -7
Generation 30. best score: -4

Experiment 8:
Generation 0. best score: -21
Generation 10. best score: -13
Generation 20. best score: -11
Generation 30. best score: -9
Generation 40. best score: -7
Generation 50. best score: -6

Experiment 9:
Generation 0. best score: -18
Generation 10. best score: -14
Generation 20. best score: -6
Generation 30. best score: -6
Generation 40. best score: -4
Generation 50. best score: -2
Mean: 58.55; Std: 27.78514723336302
Time mean: 0.9935960412025452; Std: 0.4513705442374847

Parameters: [ pop_size=10, p_mutation=0.07, p_crossover=1.0, selection_pressure=5 ]

Experiment 0:
Generation 0. best score: -17
Generation 10. best score: -8
Generation 20. best score: -3
Generation 30. best score: -2
Generation 40. best score: -2

Experiment 1:
Generation 0. best score: -21
Generation 10. best score: -9
Generation 20. best score: -4
Generation 30. best score: -3

Experiment 2:
Generation 0. best score: -19
Generation 10. best score: -11
Generation 20. best score: -6
Generation 30. best score: -5
Generation 40. best score: -4

Experiment 3:
Generation 0. best score: -17
Generation 10. best score: -6
Generation 20. best score: -4
Generation 30. best score: -2

Experiment 4:
Generation 0. best score: -20
Generation 10. best score: -9
Generation 20. best score: -6
Generation 30. best score: -4
Generation 40. best score: -2

Experiment 5:
Generation 0. best score: -18
Generation 10. best score: -9
Generation 20. best score: -2

Experiment 6:
Generation 0. best score: -19
Generation 10. best score: -9
Generation 20. best score: -3

Experiment 7:
Generation 0. best score: -16
Generation 10. best score: -7
Generation 20. best score: -4
Generation 30. best score: -2
Generation 40. best score: -2
Generation 50. best score: 0

Experiment 8:
Generation 0. best score: -19
Generation 10. best score: -7
Generation 20. best score: -4
Generation 30. best score: -4

Experiment 9:
Generation 0. best score: -16
Generation 10. best score: -12
Generation 20. best score: -8
Generation 30. best score: -3
Generation 40. best score: -2
Generation 50. best score: -2
Generation 60. best score: -2
Mean: 56.0; Std: 26.804174453169455
Time mean: 0.9605219534465245; Std: 0.43261508751691286

Parameters: [ pop_size=10, p_mutation=0.07, p_crossover=1.0, selection_pressure=10 ]

Experiment 0:
Generation 0. best score: -16
Generation 10. best score: -5
Generation 20. best score: -4

Experiment 1:
Generation 0. best score: -18
Generation 10. best score: -8
Generation 20. best score: -7
Generation 30. best score: -2
Generation 40. best score: -2
Generation 50. best score: -2
Generation 60. best score: -2
Generation 70. best score: -2

Experiment 2:
Generation 0. best score: -20
Generation 10. best score: -9
Generation 20. best score: -2

Experiment 3:
Generation 0. best score: -16
Generation 10. best score: -7
Generation 20. best score: -2
Generation 30. best score: -2

Experiment 4:
Generation 0. best score: -25
Generation 10. best score: -16
Generation 20. best score: -12
Generation 30. best score: -8
Generation 40. best score: -4
Generation 50. best score: -2

Experiment 5:
Generation 0. best score: -19
Generation 10. best score: -9
Generation 20. best score: -2
Generation 30. best score: -2
Generation 40. best score: -2
Generation 50. best score: -2
Generation 60. best score: -2
Generation 70. best score: -2
Generation 80. best score: -2

Experiment 6:
Generation 0. best score: -18
Generation 10. best score: -9
Generation 20. best score: -4

Experiment 7:
Generation 0. best score: -17
Generation 10. best score: -7
Generation 20. best score: -5
Generation 30. best score: -5

Experiment 8:
Generation 0. best score: -16
Generation 10. best score: -9
Generation 20. best score: -8
Generation 30. best score: -5
Generation 40. best score: -3

Experiment 9:
Generation 0. best score: -18
Generation 10. best score: -10
Generation 20. best score: -8
Generation 30. best score: -7
Generation 40. best score: -5
Generation 50. best score: -4
Mean: 54.975; Std: 26.04376793210357
Time mean: 0.9557466387748719; Std: 0.42441486445323623

Parameters: [ pop_size=20, p_mutation=0.03, p_crossover=0.9, selection_pressure=5 ]

Experiment 0:
Generation 0. best score: -15
Generation 10. best score: -7
Generation 20. best score: -3

Experiment 1:
Generation 0. best score: -16
Generation 10. best score: -13
Generation 20. best score: -7
Generation 30. best score: -3
Generation 40. best score: -3
Generation 50. best score: -2

Experiment 2:
Generation 0. best score: -16
Generation 10. best score: -11
Generation 20. best score: -9
Generation 30. best score: -5
Generation 40. best score: -4
Generation 50. best score: -2
Generation 60. best score: -2
Generation 70. best score: -2

Experiment 3:
Generation 0. best score: -19
Generation 10. best score: -7
Generation 20. best score: -4
Generation 30. best score: -4
Generation 40. best score: -3
Generation 50. best score: -2

Experiment 4:
Generation 0. best score: -18
Generation 10. best score: -10
Generation 20. best score: -6
Generation 30. best score: -2

Experiment 5:
Generation 0. best score: -19
Generation 10. best score: -10
Generation 20. best score: -6
Generation 30. best score: -4
Generation 40. best score: -2
Generation 50. best score: -2
Generation 60. best score: -2

Experiment 6:
Generation 0. best score: -18
Generation 10. best score: -11
Generation 20. best score: -5
Generation 30. best score: -4
Generation 40. best score: -4
Generation 50. best score: 0

Experiment 7:
Generation 0. best score: -12
Generation 10. best score: -6
Generation 20. best score: -4
Generation 30. best score: -4
Generation 40. best score: -2
Generation 50. best score: -2

Experiment 8:
Generation 0. best score: -16
Generation 10. best score: -13
Generation 20. best score: -6
Generation 30. best score: -4

Experiment 9:
Generation 0. best score: -17
Generation 10. best score: -11
Generation 20. best score: -9
Generation 30. best score: -7
Generation 40. best score: -5
Generation 50. best score: -2
Mean: 54.44444444444444; Std: 25.01510155621331
Time mean: 0.9657096200519137; Std: 0.41117458803959356

Parameters: [ pop_size=20, p_mutation=0.03, p_crossover=0.9, selection_pressure=10 ]

Experiment 0:
Generation 0. best score: -17
Generation 10. best score: -8
Generation 20. best score: -5
Generation 30. best score: -3
Generation 40. best score: -2

Experiment 1:
Generation 0. best score: -15
Generation 10. best score: -10
Generation 20. best score: -10
Generation 30. best score: -4
Generation 40. best score: -2

Experiment 2:
Generation 0. best score: -19
Generation 10. best score: -9
Generation 20. best score: -7
Generation 30. best score: -4
Generation 40. best score: -2
Generation 50. best score: -2

Experiment 3:
Generation 0. best score: -16
Generation 10. best score: -8
Generation 20. best score: -5
Generation 30. best score: -2
Generation 40. best score: -2
Generation 50. best score: -2

Experiment 4:
Generation 0. best score: -18
Generation 10. best score: -6
Generation 20. best score: -5
Generation 30. best score: -2
Generation 40. best score: -2

Experiment 5:
Generation 0. best score: -19
Generation 10. best score: -10
Generation 20. best score: -5
Generation 30. best score: -3
Generation 40. best score: -3
Generation 50. best score: -2
Generation 60. best score: -2
Generation 70. best score: -2
Generation 80. best score: -2
Generation 90. best score: -2
Generation 100. best score: -2
Generation 110. best score: -2
Generation 120. best score: -2
Generation 130. best score: -2

Experiment 6:
Generation 0. best score: -15
Generation 10. best score: -5
Generation 20. best score: -6
Generation 30. best score: 0

Experiment 7:
Generation 0. best score: -16
Generation 10. best score: -10
Generation 20. best score: -6
Generation 30. best score: -6
Generation 40. best score: -2

Experiment 8:
Generation 0. best score: -17
Generation 10. best score: -9
Generation 20. best score: -5
Generation 30. best score: -4

Experiment 9:
Generation 0. best score: -19
Generation 10. best score: -15
Generation 20. best score: -10
Generation 30. best score: -5
Generation 40. best score: -4
Generation 50. best score: -2
Generation 60. best score: -2
Mean: 54.62; Std: 25.31888742828287
Time mean: 0.9842721223831177; Std: 0.4274765976868983

Parameters: [ pop_size=20, p_mutation=0.03, p_crossover=1.0, selection_pressure=5 ]

Experiment 0:
Generation 0. best score: -20
Generation 10. best score: -9
Generation 20. best score: -8
Generation 30. best score: -5
Generation 40. best score: -4

Experiment 1:
Generation 0. best score: -16
Generation 10. best score: -10
Generation 20. best score: -9
Generation 30. best score: -9
Generation 40. best score: -3
Generation 50. best score: -3
Generation 60. best score: -2
Generation 70. best score: -2
Generation 80. best score: -2
Generation 90. best score: 0

Experiment 2:
Generation 0. best score: -11
Generation 10. best score: -11
Generation 20. best score: -8
Generation 30. best score: -6
Generation 40. best score: -6
Generation 50. best score: -4
Generation 60. best score: -2

Experiment 3:
Generation 0. best score: -14
Generation 10. best score: -11
Generation 20. best score: -5
Generation 30. best score: -4
Generation 40. best score: -3
Generation 50. best score: -2
Generation 60. best score: -2
Generation 70. best score: -2
Generation 80. best score: -2

Experiment 4:
Generation 0. best score: -18
Generation 10. best score: -10
Generation 20. best score: -9
Generation 30. best score: -4
Generation 40. best score: -3

Experiment 5:
Generation 0. best score: -16
Generation 10. best score: -11
Generation 20. best score: -8
Generation 30. best score: -4
Generation 40. best score: -2
Generation 50. best score: -2
Generation 60. best score: -2
Generation 70. best score: -2
Generation 80. best score: -2
Generation 90. best score: -2
Generation 100. best score: 0

Experiment 6:
Generation 0. best score: -14
Generation 10. best score: -10
Generation 20. best score: -3

Experiment 7:
Generation 0. best score: -18
Generation 10. best score: -12
Generation 20. best score: -9
Generation 30. best score: -7
Generation 40. best score: -5
Generation 50. best score: -2
Generation 60. best score: -2
Generation 70. best score: -2
Generation 80. best score: -2

Experiment 8:
Generation 0. best score: -14
Generation 10. best score: -10
Generation 20. best score: -7
Generation 30. best score: -5
Generation 40. best score: -5
Generation 50. best score: -2

Experiment 9:
Generation 0. best score: -18
Generation 10. best score: -14
Generation 20. best score: -11
Generation 30. best score: -7
Generation 40. best score: -5
Generation 50. best score: -3
Mean: 55.654545454545456; Std: 25.305993910003696
Time mean: 1.0148634412071922; Std: 0.43922120860258546

Parameters: [ pop_size=20, p_mutation=0.03, p_crossover=1.0, selection_pressure=10 ]

Experiment 0:
Generation 0. best score: -15
Generation 10. best score: -10
Generation 20. best score: -5
Generation 30. best score: -3
Generation 40. best score: -2

Experiment 1:
Generation 0. best score: -17
Generation 10. best score: -11
Generation 20. best score: -7
Generation 30. best score: -2
Generation 40. best score: -2

Experiment 2:
Generation 0. best score: -17
Generation 10. best score: -9
Generation 20. best score: -3
Generation 30. best score: -3
Generation 40. best score: -2
Generation 50. best score: -2

Experiment 3:
Generation 0. best score: -17
Generation 10. best score: -12
Generation 20. best score: -8
Generation 30. best score: -8
Generation 40. best score: -3
Generation 50. best score: -2
Generation 60. best score: -2
Generation 70. best score: -2
Generation 80. best score: -2

Experiment 4:
Generation 0. best score: -15
Generation 10. best score: -13
Generation 20. best score: -9
Generation 30. best score: -5
Generation 40. best score: -3
Generation 50. best score: -3
Generation 60. best score: -2

Experiment 5:
Generation 0. best score: -19
Generation 10. best score: -10
Generation 20. best score: -9
Generation 30. best score: -6

Experiment 6:
Generation 0. best score: -19
Generation 10. best score: -6
Generation 20. best score: -6
Generation 30. best score: -4
Generation 40. best score: -2

Experiment 7:
Generation 0. best score: -15
Generation 10. best score: -12
Generation 20. best score: -7
Generation 30. best score: -4

Experiment 8:
Generation 0. best score: -10
Generation 10. best score: -7
Generation 20. best score: -4

Experiment 9:
Generation 0. best score: -17
Generation 10. best score: -3
Generation 20. best score: -2
Generation 30. best score: -2
Mean: 55.025; Std: 24.825259059976762
Time mean: 1.0135688126087188; Std: 0.4310952877951446

Parameters: [ pop_size=20, p_mutation=0.07, p_crossover=0.9, selection_pressure=5 ]

Experiment 0:
Generation 0. best score: -19
Generation 10. best score: -9
Generation 20. best score: -4
Generation 30. best score: -2
Generation 40. best score: -2
Generation 50. best score: 0

Experiment 1:
Generation 0. best score: -17
Generation 10. best score: -13
Generation 20. best score: -8
Generation 30. best score: -7
Generation 40. best score: -4
Generation 50. best score: -2
Generation 60. best score: -4
Generation 70. best score: -2

Experiment 2:
Generation 0. best score: -17
Generation 10. best score: -10
Generation 20. best score: -9
Generation 30. best score: -8
Generation 40. best score: -7
Generation 50. best score: -5

Experiment 3:
Generation 0. best score: -20
Generation 10. best score: -15
Generation 20. best score: -8
Generation 30. best score: -5
Generation 40. best score: -3
Generation 50. best score: -2
Generation 60. best score: -2
Generation 70. best score: -2

Experiment 4:
Generation 0. best score: -16
Generation 10. best score: -9
Generation 20. best score: -2
Generation 30. best score: -5
Generation 40. best score: -2

Experiment 5:
Generation 0. best score: -16
Generation 10. best score: -6
Generation 20. best score: -5

Experiment 6:
Generation 0. best score: -18
Generation 10. best score: -13
Generation 20. best score: -9
Generation 30. best score: -8
Generation 40. best score: -4
Generation 50. best score: -2
Generation 60. best score: -4
Generation 70. best score: -2
Generation 80. best score: -2
Generation 90. best score: -4
Generation 100. best score: -4
Generation 110. best score: -4
Generation 120. best score: -2
Generation 130. best score: -2

Experiment 7:
Generation 0. best score: -15
Generation 10. best score: -7
Generation 20. best score: -2
Generation 30. best score: 0

Experiment 8:
Generation 0. best score: -15
Generation 10. best score: -5
Generation 20. best score: -2
Generation 30. best score: -2

Experiment 9:
Generation 0. best score: -17
Generation 10. best score: -10
Generation 20. best score: -8
Generation 30. best score: -7
Generation 40. best score: -5
Generation 50. best score: 0
Mean: 55.246153846153845; Std: 25.316006377208808
Time mean: 1.0492878748820378; Std: 0.47976917792868046

Parameters: [ pop_size=20, p_mutation=0.07, p_crossover=0.9, selection_pressure=10 ]

Experiment 0:
Generation 0. best score: -15
Generation 10. best score: -9
Generation 20. best score: -5
Generation 30. best score: -4
Generation 40. best score: -2

Experiment 1:
Generation 0. best score: -19
Generation 10. best score: -8
Generation 20. best score: -5
Generation 30. best score: -2

Experiment 2:
Generation 0. best score: -19
Generation 10. best score: -12
Generation 20. best score: -7
Generation 30. best score: -5
Generation 40. best score: -3
Generation 50. best score: -2
Generation 60. best score: -2

Experiment 3:
Generation 0. best score: -19
Generation 10. best score: -7
Generation 20. best score: -2

Experiment 4:
Generation 0. best score: -16
Generation 10. best score: -9
Generation 20. best score: -7
Generation 30. best score: -4
Generation 40. best score: -2

Experiment 5:
Generation 0. best score: -18
Generation 10. best score: -13
Generation 20. best score: -7
Generation 30. best score: -3
Generation 40. best score: -2

Experiment 6:
Generation 0. best score: -17
Generation 10. best score: -11
Generation 20. best score: -6
Generation 30. best score: -3

Experiment 7:
Generation 0. best score: -18
Generation 10. best score: -8
Generation 20. best score: -4
Generation 30. best score: -2
Generation 40. best score: -2

Experiment 8:
Generation 0. best score: -8
Generation 10. best score: 0

Experiment 9:
Generation 0. best score: -15
Generation 10. best score: -8
Generation 20. best score: -6
Generation 30. best score: -2
Generation 40. best score: -2
Mean: 54.17142857142857; Std: 24.98227943391646
Time mean: 1.0480826820646014; Std: 0.47158271229580095

Parameters: [ pop_size=20, p_mutation=0.07, p_crossover=1.0, selection_pressure=5 ]

Experiment 0:
Generation 0. best score: -19
Generation 10. best score: -12
Generation 20. best score: -6
Generation 30. best score: -2

Experiment 1:
Generation 0. best score: -12
Generation 10. best score: -7
Generation 20. best score: -6
Generation 30. best score: -5
Generation 40. best score: -3
Generation 50. best score: -2
Generation 60. best score: -2

Experiment 2:
Generation 0. best score: -18
Generation 10. best score: -9
Generation 20. best score: -7
Generation 30. best score: -5

Experiment 3:
Generation 0. best score: -19
Generation 10. best score: -15
Generation 20. best score: -11
Generation 30. best score: -7
Generation 40. best score: -7
Generation 50. best score: -2

Experiment 4:
Generation 0. best score: -18
Generation 10. best score: -9
Generation 20. best score: -7
Generation 30. best score: -4
Generation 40. best score: -2
Generation 50. best score: -2
Generation 60. best score: -2
Generation 70. best score: -2
Generation 80. best score: -2

Experiment 5:
Generation 0. best score: -13
Generation 10. best score: -6
Generation 20. best score: -6
Generation 30. best score: -4
Generation 40. best score: -2
Generation 50. best score: -2
Generation 60. best score: -2

Experiment 6:
Generation 0. best score: -18
Generation 10. best score: -12
Generation 20. best score: -7
Generation 30. best score: -5
Generation 40. best score: -4
Generation 50. best score: -2
Generation 60. best score: -2

Experiment 7:
Generation 0. best score: -19
Generation 10. best score: -8
Generation 20. best score: -6
Generation 30. best score: -4
Generation 40. best score: -4
Generation 50. best score: -3

Experiment 8:
Generation 0. best score: -17
Generation 10. best score: -6
Generation 20. best score: -4

Experiment 9:
Generation 0. best score: -13
Generation 10. best score: -8
Generation 20. best score: -6
Generation 30. best score: -2
Generation 40. best score: -2
Mean: 54.24666666666667; Std: 24.537312134805937
Time mean: 1.0714998642603557; Std: 0.47686401976371506

Parameters: [ pop_size=20, p_mutation=0.07, p_crossover=1.0, selection_pressure=10 ]

Experiment 0:
Generation 0. best score: -16
Generation 10. best score: -8
Generation 20. best score: -5
Generation 30. best score: -2
Generation 40. best score: -3
Generation 50. best score: -2
Generation 60. best score: -2
Generation 70. best score: -2

Experiment 1:
Generation 0. best score: -14
Generation 10. best score: -6
Generation 20. best score: -5
Generation 30. best score: -2

Experiment 2:
Generation 0. best score: -15
Generation 10. best score: -12
Generation 20. best score: -8
Generation 30. best score: -4
Generation 40. best score: -4
Generation 50. best score: -4
Generation 60. best score: -4
Generation 70. best score: -2
Generation 80. best score: -2

Experiment 3:
Generation 0. best score: -18
Generation 10. best score: -11
Generation 20. best score: -7
Generation 30. best score: -3
Generation 40. best score: -3
Generation 50. best score: -3
Generation 60. best score: -2

Experiment 4:
Generation 0. best score: -16
Generation 10. best score: -10
Generation 20. best score: -4
Generation 30. best score: -4

Experiment 5:
Generation 0. best score: -18
Generation 10. best score: -6
Generation 20. best score: -4
Generation 30. best score: -2

Experiment 6:
Generation 0. best score: -16
Generation 10. best score: -9
Generation 20. best score: -6
Generation 30. best score: -4
Generation 40. best score: -4
Generation 50. best score: -2
Generation 60. best score: -3
Generation 70. best score: -2

Experiment 7:
Generation 0. best score: -18
Generation 10. best score: -8
Generation 20. best score: -6
Generation 30. best score: -4
Generation 40. best score: -4
Generation 50. best score: -2
Generation 60. best score: -2

Experiment 8:
Generation 0. best score: -14
Generation 10. best score: -7
Generation 20. best score: -7
Generation 30. best score: -2
Generation 40. best score: -2
Generation 50. best score: -2

Experiment 9:
Generation 0. best score: -15
Generation 10. best score: -12
Generation 20. best score: -6
Generation 30. best score: -4
Generation 40. best score: -2
Mean: 54.6; Std: 24.223591598627717
Time mean: 1.0985527142882348; Std: 0.48584176691063974

Parameters: [ pop_size=30, p_mutation=0.03, p_crossover=0.9, selection_pressure=5 ]

Experiment 0:
Generation 0. best score: -20
Generation 10. best score: -15
Generation 20. best score: -12
Generation 30. best score: -5
Generation 40. best score: -4
Generation 50. best score: -2

Experiment 1:
Generation 0. best score: -13
Generation 10. best score: -8
Generation 20. best score: -4
Generation 30. best score: -2
Generation 40. best score: -2
Generation 50. best score: -2
Generation 60. best score: -2

Experiment 2:
Generation 0. best score: -13
Generation 10. best score: -12
Generation 20. best score: -9
Generation 30. best score: -8
Generation 40. best score: -2

Experiment 3:
Generation 0. best score: -15
Generation 10. best score: -11
Generation 20. best score: -4
Generation 30. best score: -2

Experiment 4:
Generation 0. best score: -13
Generation 10. best score: -10
Generation 20. best score: -7
Generation 30. best score: -5
Generation 40. best score: -2
Generation 50. best score: -2

Experiment 5:
Generation 0. best score: -19
Generation 10. best score: -14
Generation 20. best score: -7
Generation 30. best score: -7
Generation 40. best score: -4
Generation 50. best score: 0

Experiment 6:
Generation 0. best score: -16
Generation 10. best score: -12
Generation 20. best score: -7
Generation 30. best score: -2

Experiment 7:
Generation 0. best score: -15
Generation 10. best score: -12
Generation 20. best score: -6
Generation 30. best score: 0

Experiment 8:
Generation 0. best score: -15
Generation 10. best score: -11
Generation 20. best score: -8
Generation 30. best score: -6

Experiment 9:
Generation 0. best score: -17
Generation 10. best score: -12
Generation 20. best score: -10
Generation 30. best score: -7
Generation 40. best score: -4
Generation 50. best score: -2
Mean: 54.141176470588235; Std: 23.690136234744298
Time mean: 1.1025818207684686; Std: 0.4751729758343368

Parameters: [ pop_size=30, p_mutation=0.03, p_crossover=0.9, selection_pressure=10 ]

Experiment 0:
Generation 0. best score: -16
Generation 10. best score: -10
Generation 20. best score: -6
Generation 30. best score: -4
Generation 40. best score: -2
Generation 50. best score: -2

Experiment 1:
Generation 0. best score: -15
Generation 10. best score: -15
Generation 20. best score: -9
Generation 30. best score: -7
Generation 40. best score: -4
Generation 50. best score: -2
Generation 60. best score: -2

Experiment 2:
Generation 0. best score: -18
Generation 10. best score: -10
Generation 20. best score: -7
Generation 30. best score: -5
Generation 40. best score: -2
Generation 50. best score: -2
Generation 60. best score: -2
Generation 70. best score: -2
Generation 80. best score: -2
Generation 90. best score: -2
Generation 100. best score: -2

Experiment 3:
Generation 0. best score: -12
Generation 10. best score: -10
Generation 20. best score: -6

Experiment 4:
Generation 0. best score: -14
Generation 10. best score: -6
Generation 20. best score: -2
Generation 30. best score: -2
Generation 40. best score: -2

Experiment 5:
Generation 0. best score: -17
Generation 10. best score: -13
Generation 20. best score: -11
Generation 30. best score: -4
Generation 40. best score: -2

Experiment 6:
Generation 0. best score: -15
Generation 10. best score: -10
Generation 20. best score: -6
Generation 30. best score: -4
Generation 40. best score: -2
Generation 50. best score: -2
Generation 60. best score: -2

Experiment 7:
Generation 0. best score: -17
Generation 10. best score: -13
Generation 20. best score: -8
Generation 30. best score: -3
Generation 40. best score: -3
Generation 50. best score: -2
Generation 60. best score: 0

Experiment 8:
Generation 0. best score: -15
Generation 10. best score: -11
Generation 20. best score: -9
Generation 30. best score: -5
Generation 40. best score: -4
Generation 50. best score: -2

Experiment 9:
Generation 0. best score: -13
Generation 10. best score: -8
Generation 20. best score: -6
Generation 30. best score: -4
Generation 40. best score: -3
Generation 50. best score: -2
Generation 60. best score: -2
Generation 70. best score: -2
Generation 80. best score: -2
Generation 90. best score: -2
Generation 100. best score: 0
Mean: 54.56111111111111; Std: 23.78515660524834
Time mean: 1.125886857509613; Std: 0.4893654089556415

Parameters: [ pop_size=30, p_mutation=0.03, p_crossover=1.0, selection_pressure=5 ]

Experiment 0:
Generation 0. best score: -15
Generation 10. best score: -12
Generation 20. best score: -7
Generation 30. best score: -5

Experiment 1:
Generation 0. best score: -14
Generation 10. best score: -7
Generation 20. best score: -7
Generation 30. best score: -2
Generation 40. best score: -2
Generation 50. best score: -2
Generation 60. best score: -2
Generation 70. best score: -2
Generation 80. best score: -2

Experiment 2:
Generation 0. best score: -12
Generation 10. best score: -9
Generation 20. best score: -6
Generation 30. best score: -2

Experiment 3:
Generation 0. best score: -15
Generation 10. best score: -8
Generation 20. best score: -6

Experiment 4:
Generation 0. best score: -16
Generation 10. best score: -12
Generation 20. best score: -6
Generation 30. best score: -4
Generation 40. best score: -4

Experiment 5:
Generation 0. best score: -13
Generation 10. best score: -8
Generation 20. best score: -6
Generation 30. best score: -4
Generation 40. best score: -3
Generation 50. best score: -3

Experiment 6:
Generation 0. best score: -15
Generation 10. best score: -9
Generation 20. best score: -4
Generation 30. best score: -2
Generation 40. best score: -2
Generation 50. best score: -2

Experiment 7:
Generation 0. best score: -17
Generation 10. best score: -15
Generation 20. best score: -8
Generation 30. best score: -3
Generation 40. best score: -2
Generation 50. best score: -2

Experiment 8:
Generation 0. best score: -16
Generation 10. best score: -13
Generation 20. best score: -8
Generation 30. best score: -5
Generation 40. best score: -4
Generation 50. best score: -4
Generation 60. best score: -4
Generation 70. best score: -4
Generation 80. best score: -2
Generation 90. best score: -2
Generation 100. best score: -2
Generation 110. best score: -2
Generation 120. best score: -2
Generation 130. best score: -2
Generation 140. best score: -2
Generation 150. best score: 0

Experiment 9:
Generation 0. best score: -15
Generation 10. best score: -10
Generation 20. best score: -9
Generation 30. best score: -5
Generation 40. best score: -2
Generation 50. best score: -2
Generation 60. best score: -2
Generation 70. best score: -2
Generation 80. best score: -2
Generation 90. best score: -2
Mean: 55.07368421052632; Std: 24.677064348769168
Time mean: 1.1498111649563438; Std: 0.5255459052398418

Parameters: [ pop_size=30, p_mutation=0.03, p_crossover=1.0, selection_pressure=10 ]

Experiment 0:
Generation 0. best score: -17
Generation 10. best score: -9
Generation 20. best score: -6
Generation 30. best score: -6
Generation 40. best score: -2
Generation 50. best score: -2

Experiment 1:
Generation 0. best score: -18
Generation 10. best score: -13
Generation 20. best score: -10
Generation 30. best score: -6

Experiment 2:
Generation 0. best score: -15
Generation 10. best score: -11
Generation 20. best score: -5
Generation 30. best score: -2

Experiment 3:
Generation 0. best score: -14
Generation 10. best score: -11
Generation 20. best score: -7
Generation 30. best score: -6
Generation 40. best score: -2
Generation 50. best score: -2
Generation 60. best score: -2

Experiment 4:
Generation 0. best score: -14
Generation 10. best score: -7
Generation 20. best score: -7
Generation 30. best score: -4
Generation 40. best score: -2
Generation 50. best score: -2

Experiment 5:
Generation 0. best score: -17
Generation 10. best score: -12
Generation 20. best score: -6
Generation 30. best score: -3

Experiment 6:
Generation 0. best score: -17
Generation 10. best score: -12
Generation 20. best score: -6
Generation 30. best score: -5

Experiment 7:
Generation 0. best score: -12
Generation 10. best score: -7
Generation 20. best score: -5
Generation 30. best score: -4
Generation 40. best score: -4
Generation 50. best score: 0

Experiment 8:
Generation 0. best score: -14
Generation 10. best score: -8
Generation 20. best score: -5
Generation 30. best score: -2

Experiment 9:
Generation 0. best score: -10
Generation 10. best score: -9
Generation 20. best score: -2
Mean: 54.555; Std: 24.286542688882143
Time mean: 1.1479177272319794; Std: 0.5158008083142728

Parameters: [ pop_size=30, p_mutation=0.07, p_crossover=0.9, selection_pressure=5 ]

Experiment 0:
Generation 0. best score: -16
Generation 10. best score: -12
Generation 20. best score: -7
Generation 30. best score: -2

Experiment 1:
Generation 0. best score: -11
Generation 10. best score: -10
Generation 20. best score: -9
Generation 30. best score: -7
Generation 40. best score: -7
Generation 50. best score: -3
Generation 60. best score: -2
Generation 70. best score: -2
Generation 80. best score: -2

Experiment 2:
Generation 0. best score: -19
Generation 10. best score: -7
Generation 20. best score: -2
Generation 30. best score: -3
Generation 40. best score: -3
Generation 50. best score: -2
Generation 60. best score: -4
Generation 70. best score: -4

Experiment 3:
Generation 0. best score: -16
Generation 10. best score: -6
Generation 20. best score: -4
Generation 30. best score: -2
Generation 40. best score: -2

Experiment 4:
Generation 0. best score: -14
Generation 10. best score: -7
Generation 20. best score: -5
Generation 30. best score: -4
Generation 40. best score: -2
Generation 50. best score: -2
Generation 60. best score: -2
Generation 70. best score: -2
Generation 80. best score: -3
Generation 90. best score: -4
Generation 100. best score: -2
Generation 110. best score: -2

Experiment 5:
Generation 0. best score: -14
Generation 10. best score: -9
Generation 20. best score: -6
Generation 30. best score: -6

Experiment 6:
Generation 0. best score: -15
Generation 10. best score: -12
Generation 20. best score: -8
Generation 30. best score: -4
Generation 40. best score: -4

Experiment 7:
Generation 0. best score: -16
Generation 10. best score: -10
Generation 20. best score: -8
Generation 30. best score: -7
Generation 40. best score: -8
Generation 50. best score: -7
Generation 60. best score: -4

Experiment 8:
Generation 0. best score: -17
Generation 10. best score: -10
Generation 20. best score: -6
Generation 30. best score: -4

Experiment 9:
Generation 0. best score: -14
Generation 10. best score: -9
Mean: 54.63333333333333; Std: 24.47113001368613
Time mean: 1.1788627022788638; Std: 0.5533104531887065

Parameters: [ pop_size=30, p_mutation=0.07, p_crossover=0.9, selection_pressure=10 ]

Experiment 0:
Generation 0. best score: -11
Generation 10. best score: -10
Generation 20. best score: -5
Generation 30. best score: -2

Experiment 1:
Generation 0. best score: -18
Generation 10. best score: -11
Generation 20. best score: -3
Generation 30. best score: -2
Generation 40. best score: -2

Experiment 2:
Generation 0. best score: -15
Generation 10. best score: -10
Generation 20. best score: -2
Generation 30. best score: -2
Generation 40. best score: 0

Experiment 3:
Generation 0. best score: -14
Generation 10. best score: -9
Generation 20. best score: -5
Generation 30. best score: 0

Experiment 4:
Generation 0. best score: -16
Generation 10. best score: -10
Generation 20. best score: -7
Generation 30. best score: -5

Experiment 5:
Generation 0. best score: -17
Generation 10. best score: -9
Generation 20. best score: -7
Generation 30. best score: -4
Generation 40. best score: -4
Generation 50. best score: -4
Generation 60. best score: -2

Experiment 6:
Generation 0. best score: -18
Generation 10. best score: -12
Generation 20. best score: -5
Generation 30. best score: -2
Generation 40. best score: -2
Generation 50. best score: -2

Experiment 7:
Generation 0. best score: -14
Generation 10. best score: -7
Generation 20. best score: -2
Generation 30. best score: -2

Experiment 8:
Generation 0. best score: -15
Generation 10. best score: -7
Generation 20. best score: -6
Generation 30. best score: -3
Generation 40. best score: -2
Generation 50. best score: 0

Experiment 9:
Generation 0. best score: -19
Generation 10. best score: -9
Generation 20. best score: -8
Generation 30. best score: -7
Generation 40. best score: -5
Generation 50. best score: -4
Generation 60. best score: -2
Generation 70. best score: 0
Mean: 54.30909090909091; Std: 24.12325483485416
Time mean: 1.1956341808492488; Std: 0.5537635025133336

Parameters: [ pop_size=30, p_mutation=0.07, p_crossover=1.0, selection_pressure=5 ]

Experiment 0:
Generation 0. best score: -14
Generation 10. best score: -11
Generation 20. best score: -5
Generation 30. best score: -3

Experiment 1:
Generation 0. best score: -16
Generation 10. best score: -13
Generation 20. best score: -7
Generation 30. best score: -4
Generation 40. best score: -4
Generation 50. best score: -2
Generation 60. best score: -2
Generation 70. best score: -2

Experiment 2:
Generation 0. best score: -17
Generation 10. best score: -8
Generation 20. best score: -7
Generation 30. best score: -4
Generation 40. best score: -6
Generation 50. best score: -4
Generation 60. best score: -4
Generation 70. best score: -2
Generation 80. best score: -2
Generation 90. best score: -2

Experiment 3:
Generation 0. best score: -17
Generation 10. best score: -8
Generation 20. best score: -10
Generation 30. best score: -4
Generation 40. best score: -3
Generation 50. best score: -4
Generation 60. best score: -2
Generation 70. best score: -4
Generation 80. best score: -4

Experiment 4:
Generation 0. best score: -17
Generation 10. best score: -12
Generation 20. best score: -4
Generation 30. best score: -4
Generation 40. best score: -2

Experiment 5:
Generation 0. best score: -14
Generation 10. best score: -9
Generation 20. best score: -6
Generation 30. best score: -4
Generation 40. best score: -2
Generation 50. best score: -4
Generation 60. best score: -2
Generation 70. best score: -2
Generation 80. best score: -4
Generation 90. best score: -2
Generation 100. best score: -3

Experiment 6:
Generation 0. best score: -17
Generation 10. best score: -13
Generation 20. best score: -10
Generation 30. best score: -7
Generation 40. best score: -4
Generation 50. best score: -4
Generation 60. best score: -5
Generation 70. best score: -4
Generation 80. best score: -4

Experiment 7:
Generation 0. best score: -14
Generation 10. best score: -5
Generation 20. best score: -4
Generation 30. best score: -4
Generation 40. best score: -3
Generation 50. best score: -3

Experiment 8:
Generation 0. best score: -18
Generation 10. best score: -14
Generation 20. best score: -8
Generation 30. best score: -8
Generation 40. best score: -4
Generation 50. best score: -4
Generation 60. best score: -4
Generation 70. best score: -3
Generation 80. best score: -2
Generation 90. best score: -2
Generation 100. best score: -4
Generation 110. best score: 0

Experiment 9:
Generation 0. best score: -13
Generation 10. best score: -4
Mean: 55.12608695652174; Std: 24.680786816800143
Time mean: 1.2443835901177447; Std: 0.6173995546589143

Parameters: [ pop_size=30, p_mutation=0.07, p_crossover=1.0, selection_pressure=10 ]

Experiment 0:
Generation 0. best score: -17
Generation 10. best score: -10
Generation 20. best score: -8
Generation 30. best score: -5
Generation 40. best score: -2

Experiment 1:
Generation 0. best score: -15
Generation 10. best score: -12
Generation 20. best score: -9
Generation 30. best score: -4
Generation 40. best score: -4
Generation 50. best score: -2
Generation 60. best score: -2

Experiment 2:
Generation 0. best score: -17
Generation 10. best score: -10
Generation 20. best score: -4
Generation 30. best score: -2
Generation 40. best score: -2
Generation 50. best score: -2

Experiment 3:
Generation 0. best score: -16
Generation 10. best score: -8
Generation 20. best score: -4
Generation 30. best score: -2
Generation 40. best score: -2

Experiment 4:
Generation 0. best score: -16
Generation 10. best score: -9
Generation 20. best score: -5
Generation 30. best score: -3
Generation 40. best score: -3

Experiment 5:
Generation 0. best score: -16
Generation 10. best score: -7
Generation 20. best score: -2

Experiment 6:
Generation 0. best score: -12
Generation 10. best score: -11
Generation 20. best score: -3
Generation 30. best score: -3

Experiment 7:
Generation 0. best score: -11
Generation 10. best score: -8
Generation 20. best score: -5
Generation 30. best score: -2
Generation 40. best score: -2
Generation 50. best score: -2

Experiment 8:
Generation 0. best score: -14
Generation 10. best score: -5
Generation 20. best score: -2
Generation 30. best score: -2

Experiment 9:
Generation 0. best score: -16
Generation 10. best score: -9
Generation 20. best score: -4
Generation 30. best score: -2
Generation 40. best score: -2
Mean: 54.75; Std: 24.324428549665505
Time mean: 1.25250443816185; Std: 0.6091087260201508

------------=== END OF EXPERIMENTS ===------------
-	Ended on:  2020-12-23 14:54:19.848304  -
--------------------------------------------------
