Starting experiments at: [ Thu 24 Dec 18:27:07 EET 2020 ]
Starting experiments with nonomino n8_00 at 2020-12-24 18:27:07
    Starting experiment n8_00_10 at 2020-12-24 18:27:07
    Finished experiment n8_00_10 at 2020-12-24 18:27:58

    Starting experiment n8_00_15 at 2020-12-24 18:27:58
    Finished experiment n8_00_15 at 2020-12-24 18:40:24

    Starting experiment n8_00_20 at 2020-12-24 18:40:24
    Finished experiment n8_00_20 at 2020-12-24 19:00:45

    Starting experiment n8_00_25 at 2020-12-24 19:00:45
    Finished experiment n8_00_25 at 2020-12-24 19:05:43

    Starting experiment n8_00_30 at 2020-12-24 19:05:43
    Finished experiment n8_00_30 at 2020-12-24 19:18:54

Finished experiments with nonomino n8_00 at 2020-12-24 19:18:54

Starting experiments with nonomino n8_13 at 2020-12-24 19:18:54
    Starting experiment n8_13_10 at 2020-12-24 19:18:54
    Finished experiment n8_13_10 at 2020-12-24 19:19:27

    Starting experiment n8_13_15 at 2020-12-24 19:19:27
    Finished experiment n8_13_15 at 2020-12-24 19:20:20

    Starting experiment n8_13_20 at 2020-12-24 19:20:20
    Finished experiment n8_13_20 at 2020-12-24 19:22:58

    Starting experiment n8_13_25 at 2020-12-24 19:22:58
    Finished experiment n8_13_25 at 2020-12-24 19:26:51

    Starting experiment n8_13_30 at 2020-12-24 19:26:51
    Finished experiment n8_13_30 at 2020-12-24 19:35:18

Finished experiments with nonomino n8_13 at 2020-12-24 19:35:18

Starting experiments with nonomino n8_23 at 2020-12-24 19:35:18
    Starting experiment n8_23_10 at 2020-12-24 19:35:18
    Finished experiment n8_23_10 at 2020-12-24 19:36:01

    Starting experiment n8_23_15 at 2020-12-24 19:36:01
    Finished experiment n8_23_15 at 2020-12-24 19:37:35

    Starting experiment n8_23_20 at 2020-12-24 19:37:35
    Finished experiment n8_23_20 at 2020-12-24 19:40:18

    Starting experiment n8_23_25 at 2020-12-24 19:40:18
    Finished experiment n8_23_25 at 2020-12-24 19:46:36

    Starting experiment n8_23_30 at 2020-12-24 19:46:36
    Finished experiment n8_23_30 at 2020-12-24 20:14:33

Finished experiments with nonomino n8_23 at 2020-12-24 20:14:33

Starting experiments with nonomino n8_30 at 2020-12-24 20:14:33
    Starting experiment n8_30_10 at 2020-12-24 20:14:33
    Finished experiment n8_30_10 at 2020-12-24 20:15:01

    Starting experiment n8_30_15 at 2020-12-24 20:15:01
    Finished experiment n8_30_15 at 2020-12-24 20:16:08

    Starting experiment n8_30_20 at 2020-12-24 20:16:08
    Finished experiment n8_30_20 at 2020-12-24 20:18:20

    Starting experiment n8_30_25 at 2020-12-24 20:18:20
    Finished experiment n8_30_25 at 2020-12-24 20:22:31

    Starting experiment n8_30_30 at 2020-12-24 20:22:31
    Finished experiment n8_30_30 at 2020-12-24 20:31:13

Finished experiments with nonomino n8_30 at 2020-12-24 20:31:13

Starting experiments with nonomino n8_59 at 2020-12-24 20:31:13
    Starting experiment n8_59_10 at 2020-12-24 20:31:13
    Finished experiment n8_59_10 at 2020-12-24 20:31:38

    Starting experiment n8_59_15 at 2020-12-24 20:31:38
    Finished experiment n8_59_15 at 2020-12-24 20:32:44

    Starting experiment n8_59_20 at 2020-12-24 20:32:44
    Finished experiment n8_59_20 at 2020-12-24 20:34:41

    Starting experiment n8_59_25 at 2020-12-24 20:34:41
    Finished experiment n8_59_25 at 2020-12-24 20:39:40

    Starting experiment n8_59_30 at 2020-12-24 20:39:40
    Finished experiment n8_59_30 at 2020-12-24 20:50:52

Finished experiments with nonomino n8_59 at 2020-12-24 20:50:52
