Reading input from file: inputs/n8_13/n8_13_10empty.txt 

1: 	0,1 [color_value:0, group_value: 1]
2: 	4,1 [color_value:4, group_value: 1]
3: 	8,2 [color_value:8, group_value: 2]
4: 	0,2 [color_value:0, group_value: 2]
5: 	0,2 [color_value:0, group_value: 2]
6: 	1,0 [color_value:1, group_value: 0]
7: 	7,0 [color_value:7, group_value: 0]
8: 	9,0 [color_value:9, group_value: 0]
9: 	5,0 [color_value:5, group_value: 0]
10: 	1,1 [color_value:1, group_value: 1]
11: 	7,2 [color_value:7, group_value: 2]
12: 	0,2 [color_value:0, group_value: 2]
13: 	9,2 [color_value:9, group_value: 2]
14: 	5,2 [color_value:5, group_value: 2]
15: 	6,2 [color_value:6, group_value: 2]
16: 	8,3 [color_value:8, group_value: 3]
17: 	3,3 [color_value:3, group_value: 3]
18: 	2,3 [color_value:2, group_value: 3]
19: 	5,1 [color_value:5, group_value: 1]
20: 	3,1 [color_value:3, group_value: 1]
21: 	9,1 [color_value:9, group_value: 1]
22: 	7,1 [color_value:7, group_value: 1]
23: 	0,2 [color_value:0, group_value: 2]
24: 	0,5 [color_value:0, group_value: 5]
25: 	0,5 [color_value:0, group_value: 5]
26: 	6,3 [color_value:6, group_value: 3]
27: 	4,3 [color_value:4, group_value: 3]
28: 	2,1 [color_value:2, group_value: 1]
29: 	8,1 [color_value:8, group_value: 1]
30: 	7,4 [color_value:7, group_value: 4]
31: 	1,5 [color_value:1, group_value: 5]
32: 	9,5 [color_value:9, group_value: 5]
33: 	5,5 [color_value:5, group_value: 5]
34: 	3,6 [color_value:3, group_value: 6]
35: 	4,6 [color_value:4, group_value: 6]
36: 	6,6 [color_value:6, group_value: 6]
37: 	0,4 [color_value:0, group_value: 4]
38: 	6,4 [color_value:6, group_value: 4]
39: 	1,4 [color_value:1, group_value: 4]
40: 	8,4 [color_value:8, group_value: 4]
41: 	3,5 [color_value:3, group_value: 5]
42: 	2,6 [color_value:2, group_value: 6]
43: 	5,6 [color_value:5, group_value: 6]
44: 	7,6 [color_value:7, group_value: 6]
45: 	9,6 [color_value:9, group_value: 6]
46: 	3,4 [color_value:3, group_value: 4]
47: 	5,4 [color_value:5, group_value: 4]
48: 	2,4 [color_value:2, group_value: 4]
49: 	6,5 [color_value:6, group_value: 5]
50: 	0,5 [color_value:0, group_value: 5]
51: 	4,5 [color_value:4, group_value: 5]
52: 	9,9 [color_value:9, group_value: 9]
53: 	1,6 [color_value:1, group_value: 6]
54: 	8,6 [color_value:8, group_value: 6]
55: 	9,4 [color_value:9, group_value: 4]
56: 	2,7 [color_value:2, group_value: 7]
57: 	3,7 [color_value:3, group_value: 7]
58: 	4,7 [color_value:4, group_value: 7]
59: 	8,8 [color_value:8, group_value: 8]
60: 	7,8 [color_value:7, group_value: 8]
61: 	6,9 [color_value:6, group_value: 9]
62: 	5,9 [color_value:5, group_value: 9]
63: 	1,9 [color_value:1, group_value: 9]
64: 	0,7 [color_value:0, group_value: 7]
65: 	1,7 [color_value:1, group_value: 7]
66: 	5,7 [color_value:5, group_value: 7]
67: 	2,8 [color_value:2, group_value: 8]
68: 	6,8 [color_value:6, group_value: 8]
69: 	9,8 [color_value:9, group_value: 8]
70: 	4,9 [color_value:4, group_value: 9]
71: 	8,9 [color_value:8, group_value: 9]
72: 	3,9 [color_value:3, group_value: 9]
73: 	8,7 [color_value:8, group_value: 7]
74: 	9,7 [color_value:9, group_value: 7]
75: 	6,7 [color_value:6, group_value: 7]
76: 	5,8 [color_value:5, group_value: 8]
77: 	4,8 [color_value:4, group_value: 8]
78: 	3,8 [color_value:3, group_value: 8]
79: 	1,8 [color_value:1, group_value: 8]
80: 	2,9 [color_value:2, group_value: 9]
81: 	7,9 [color_value:7, group_value: 9]
Number of zeros (empty cells) in board: 10

Experimenting on the following Nonomino board:
0 4 8 0 0 1 7 9 5 
1 7 0 9 5 6 8 3 2 
5 3 9 7 0 0 0 6 4 
2 8 7 1 9 5 3 4 6 
0 6 1 8 3 2 5 7 9 
3 5 2 6 0 4 9 1 8 
9 2 3 4 8 7 6 5 1 
0 1 5 2 6 9 4 8 3 
8 9 6 5 4 3 1 2 7 

---------=== BEGINNING OF EXPERIMENTS ===---------
-	Started on:  2020-12-24 19:18:54.292285  -
--------------------------------------------------
max_gen = 10000

Parameters: [ pop_size=10, p_mutation=0.03, p_crossover=0.9, selection_pressure=5 ]

Experiment 0:
Generation 0. best score: -2
Generation 10. best score: -2

Experiment 1:

Experiment 2:
Generation 0. best score: -2
Generation 10. best score: -2

Experiment 3:
Generation 0. best score: -3

Experiment 4:
Generation 0. best score: -2

Experiment 5:

Experiment 6:
Generation 0. best score: -2
Generation 10. best score: -2
Generation 20. best score: -2

Experiment 7:
Generation 0. best score: -2
Generation 10. best score: -2

Experiment 8:
Generation 0. best score: -3

Experiment 9:
Generation 0. best score: -2
Mean: 9.1; Std: 6.8386158443552505
Time mean: 0.1516421318054199; Std: 0.08923186345278677

Parameters: [ pop_size=10, p_mutation=0.03, p_crossover=0.9, selection_pressure=10 ]

Experiment 0:
Generation 0. best score: -3

Experiment 1:
Generation 0. best score: -3
Generation 10. best score: -3

Experiment 2:
Generation 0. best score: -4

Experiment 3:

Experiment 4:
Generation 0. best score: -2

Experiment 5:
Generation 0. best score: -4

Experiment 6:
Generation 0. best score: -2
Generation 10. best score: -2
Generation 20. best score: -2

Experiment 7:
Generation 0. best score: -3

Experiment 8:
Generation 0. best score: -4
Generation 10. best score: -4

Experiment 9:
Generation 0. best score: -2
Generation 10. best score: -2
Generation 20. best score: -2
Mean: 10.55; Std: 7.823547452201086
Time mean: 0.17012252807617187; Std: 0.10249905713174454

Parameters: [ pop_size=10, p_mutation=0.03, p_crossover=1.0, selection_pressure=5 ]

Experiment 0:

Experiment 1:
Generation 0. best score: 0

Experiment 2:
Generation 0. best score: -4
Generation 10. best score: -2

Experiment 3:

Experiment 4:

Experiment 5:

Experiment 6:
Generation 0. best score: -2
Generation 10. best score: -2

Experiment 7:

Experiment 8:
Generation 0. best score: -2
Generation 10. best score: -2
Generation 20. best score: -2

Experiment 9:
Generation 0. best score: -2
Generation 10. best score: -2
Generation 20. best score: -2
Mean: 9.766666666666667; Std: 8.861708924212714
Time mean: 0.1602021853129069; Std: 0.11768141578831888

Parameters: [ pop_size=10, p_mutation=0.03, p_crossover=1.0, selection_pressure=10 ]

Experiment 0:
Generation 0. best score: 0

Experiment 1:
Generation 0. best score: -4
Generation 10. best score: -4
Generation 20. best score: -2

Experiment 2:
Generation 0. best score: -2
Generation 10. best score: 0

Experiment 3:
Generation 0. best score: -3
Generation 10. best score: -3

Experiment 4:
Generation 0. best score: -4
Generation 10. best score: -2

Experiment 5:
Generation 0. best score: -2
Generation 10. best score: -2
Generation 20. best score: -2

Experiment 6:

Experiment 7:
Generation 0. best score: -5
Generation 10. best score: -5
Generation 20. best score: -2
Generation 30. best score: -2

Experiment 8:
Generation 0. best score: -2

Experiment 9:
Generation 0. best score: 0
Mean: 10.825; Std: 9.805512578293747
Time mean: 0.17502540946006775; Std: 0.1312845246028789

Parameters: [ pop_size=10, p_mutation=0.07, p_crossover=0.9, selection_pressure=5 ]

Experiment 0:
Generation 0. best score: -4
Generation 10. best score: -3

Experiment 1:
Generation 0. best score: -4

Experiment 2:
Generation 0. best score: -4

Experiment 3:

Experiment 4:
Generation 0. best score: -4

Experiment 5:
Generation 0. best score: -4

Experiment 6:
Generation 0. best score: -3

Experiment 7:

Experiment 8:
Generation 0. best score: -3

Experiment 9:
Generation 0. best score: -2
Mean: 9.94; Std: 9.201619200899774
Time mean: 0.1637369680404663; Std: 0.1231076748137975

Parameters: [ pop_size=10, p_mutation=0.07, p_crossover=0.9, selection_pressure=10 ]

Experiment 0:

Experiment 1:
Generation 0. best score: -4

Experiment 2:
Generation 0. best score: -2

Experiment 3:

Experiment 4:
Generation 0. best score: -3

Experiment 5:
Generation 0. best score: -2
Generation 10. best score: -2

Experiment 6:

Experiment 7:
Generation 0. best score: -3

Experiment 8:
Generation 0. best score: -3

Experiment 9:
Generation 0. best score: -5
Generation 10. best score: -2
Mean: 9.2; Std: 8.8313770352637
Time mean: 0.1541313886642456; Std: 0.11834119176167748

Parameters: [ pop_size=10, p_mutation=0.07, p_crossover=1.0, selection_pressure=5 ]

Experiment 0:
Generation 0. best score: -2

Experiment 1:
Generation 0. best score: -5
Generation 10. best score: -2

Experiment 2:

Experiment 3:
Generation 0. best score: -2

Experiment 4:

Experiment 5:

Experiment 6:
Generation 0. best score: -5
Generation 10. best score: -2

Experiment 7:

Experiment 8:
Generation 0. best score: -3
Generation 10. best score: -3

Experiment 9:
Generation 0. best score: -2
Mean: 8.785714285714286; Std: 8.775613207267119
Time mean: 0.1494338342121669; Std: 0.11857104083500913

Parameters: [ pop_size=10, p_mutation=0.07, p_crossover=1.0, selection_pressure=10 ]

Experiment 0:
Generation 0. best score: -2

Experiment 1:
Generation 0. best score: -2

Experiment 2:
Generation 0. best score: -2

Experiment 3:
Generation 0. best score: -4
Generation 10. best score: 0

Experiment 4:
Generation 0. best score: -2

Experiment 5:
Generation 0. best score: -4

Experiment 6:
Generation 0. best score: -4

Experiment 7:
Generation 0. best score: -4
Generation 10. best score: -4
Generation 20. best score: -2
Generation 30. best score: -2

Experiment 8:
Generation 0. best score: -2

Experiment 9:
Generation 0. best score: -3
Mean: 8.65; Std: 8.818995608588533
Time mean: 0.148164764046669; Std: 0.1197585897540143

Parameters: [ pop_size=20, p_mutation=0.03, p_crossover=0.9, selection_pressure=5 ]

Experiment 0:
Generation 0. best score: -2

Experiment 1:

Experiment 2:
Generation 0. best score: -2

Experiment 3:

Experiment 4:

Experiment 5:
Generation 0. best score: -3

Experiment 6:

Experiment 7:
Generation 0. best score: -3

Experiment 8:

Experiment 9:
Mean: 7.977777777777778; Std: 8.603602299870214
Time mean: 0.14272869163089327; Std: 0.11520021107186967

Parameters: [ pop_size=20, p_mutation=0.03, p_crossover=0.9, selection_pressure=10 ]

Experiment 0:
Generation 0. best score: -2
Generation 10. best score: -2
Generation 20. best score: -2
Generation 30. best score: -2
Generation 40. best score: -2

Experiment 1:

Experiment 2:
Generation 0. best score: -2

Experiment 3:
Generation 0. best score: -2

Experiment 4:
Generation 0. best score: -4

Experiment 5:
Generation 0. best score: -2

Experiment 6:

Experiment 7:
Generation 0. best score: -2
Generation 10. best score: -2

Experiment 8:

Experiment 9:
Mean: 8.05; Std: 9.360755171124673
Time mean: 0.147563636302948; Std: 0.1300037412902597

Parameters: [ pop_size=20, p_mutation=0.03, p_crossover=1.0, selection_pressure=5 ]

Experiment 0:

Experiment 1:
Generation 0. best score: -2

Experiment 2:

Experiment 3:

Experiment 4:

Experiment 5:
Generation 0. best score: -2

Experiment 6:

Experiment 7:
Generation 0. best score: -2

Experiment 8:

Experiment 9:
Mean: 7.545454545454546; Std: 9.138723299945175
Time mean: 0.14309746135364879; Std: 0.1259074956420936

Parameters: [ pop_size=20, p_mutation=0.03, p_crossover=1.0, selection_pressure=10 ]

Experiment 0:
Generation 0. best score: -2

Experiment 1:

Experiment 2:

Experiment 3:
Generation 0. best score: -2
Generation 10. best score: -2

Experiment 4:

Experiment 5:
Generation 0. best score: -3

Experiment 6:
Generation 0. best score: -2

Experiment 7:
Generation 0. best score: 0

Experiment 8:
Generation 0. best score: -2
Generation 10. best score: -2

Experiment 9:
Mean: 7.258333333333334; Std: 8.911795444197303
Time mean: 0.14139726956685383; Std: 0.12264701016515037

Parameters: [ pop_size=20, p_mutation=0.07, p_crossover=0.9, selection_pressure=5 ]

Experiment 0:
Generation 0. best score: -2

Experiment 1:

Experiment 2:

Experiment 3:
Generation 0. best score: -2

Experiment 4:
Generation 0. best score: -3

Experiment 5:

Experiment 6:
Generation 0. best score: -3

Experiment 7:

Experiment 8:
Generation 0. best score: -2

Experiment 9:
Generation 0. best score: -2
Mean: 6.869230769230769; Std: 8.681610665353654
Time mean: 0.13786437144646277; Std: 0.11871815036075514

Parameters: [ pop_size=20, p_mutation=0.07, p_crossover=0.9, selection_pressure=10 ]

Experiment 0:
Generation 0. best score: -2

Experiment 1:
Generation 0. best score: -4

Experiment 2:

Experiment 3:
Generation 0. best score: -3

Experiment 4:

Experiment 5:
Generation 0. best score: -2

Experiment 6:

Experiment 7:

Experiment 8:

Experiment 9:
Mean: 6.557142857142857; Std: 8.48042301491023
Time mean: 0.13519955362592426; Std: 0.11559502603581678

Parameters: [ pop_size=20, p_mutation=0.07, p_crossover=1.0, selection_pressure=5 ]

Experiment 0:

Experiment 1:
Generation 0. best score: -2

Experiment 2:

Experiment 3:

Experiment 4:
Generation 0. best score: -2

Experiment 5:
Generation 0. best score: -2

Experiment 6:
Generation 0. best score: -2

Experiment 7:
Generation 0. best score: -3

Experiment 8:

Experiment 9:
Generation 0. best score: -2
Mean: 6.306666666666667; Std: 8.277848394916218
Time mean: 0.13329116662343343; Std: 0.11260532363598026

Parameters: [ pop_size=20, p_mutation=0.07, p_crossover=1.0, selection_pressure=10 ]

Experiment 0:
Generation 0. best score: -3

Experiment 1:

Experiment 2:
Generation 0. best score: -3

Experiment 3:
Generation 0. best score: -2
Generation 10. best score: -2

Experiment 4:
Generation 0. best score: -2
Generation 10. best score: 0

Experiment 5:
Generation 0. best score: -2

Experiment 6:
Generation 0. best score: -2

Experiment 7:
Generation 0. best score: -2

Experiment 8:
Generation 0. best score: -3

Experiment 9:
Mean: 6.2875; Std: 8.093313879972056
Time mean: 0.13512639701366425; Std: 0.11093883256707629

Parameters: [ pop_size=30, p_mutation=0.03, p_crossover=0.9, selection_pressure=5 ]

Experiment 0:

Experiment 1:

Experiment 2:

Experiment 3:

Experiment 4:

Experiment 5:

Experiment 6:
Generation 0. best score: -2
Generation 10. best score: -2

Experiment 7:
Generation 0. best score: -2

Experiment 8:
Generation 0. best score: -2
Generation 10. best score: -2
Generation 20. best score: -2

Experiment 9:
Mean: 6.170588235294118; Std: 8.085362968134941
Time mean: 0.13679548992830165; Std: 0.11234333305511487

Parameters: [ pop_size=30, p_mutation=0.03, p_crossover=0.9, selection_pressure=10 ]

Experiment 0:

Experiment 1:

Experiment 2:
Generation 0. best score: -2
Generation 10. best score: -2

Experiment 3:

Experiment 4:
Generation 0. best score: -2
Generation 10. best score: -2

Experiment 5:

Experiment 6:

Experiment 7:
Generation 0. best score: -2

Experiment 8:
Generation 0. best score: -3
Generation 10. best score: -2

Experiment 9:
Generation 0. best score: -3
Mean: 6.155555555555556; Std: 8.030543802747484
Time mean: 0.13971361716588337; Std: 0.1133508577301501

Parameters: [ pop_size=30, p_mutation=0.03, p_crossover=1.0, selection_pressure=5 ]

Experiment 0:

Experiment 1:

Experiment 2:

Experiment 3:

Experiment 4:

Experiment 5:

Experiment 6:

Experiment 7:
Generation 0. best score: -2

Experiment 8:

Experiment 9:
Mean: 5.8578947368421055; Std: 7.924632803368613
Time mean: 0.13751694654163563; Std: 0.11085923601028046

Parameters: [ pop_size=30, p_mutation=0.03, p_crossover=1.0, selection_pressure=10 ]

Experiment 0:
Generation 0. best score: -2
Generation 10. best score: -2

Experiment 1:

Experiment 2:

Experiment 3:
Generation 0. best score: -2
Generation 10. best score: -2

Experiment 4:
Generation 0. best score: -2

Experiment 5:

Experiment 6:
Generation 0. best score: -2

Experiment 7:

Experiment 8:

Experiment 9:
Generation 0. best score: -2
Mean: 5.81; Std: 7.852528959212851
Time mean: 0.1392909598350525; Std: 0.11098250615127866

Parameters: [ pop_size=30, p_mutation=0.07, p_crossover=0.9, selection_pressure=5 ]

Experiment 0:

Experiment 1:

Experiment 2:
Generation 0. best score: -2

Experiment 3:

Experiment 4:

Experiment 5:
Generation 0. best score: -3

Experiment 6:

Experiment 7:

Experiment 8:
Generation 0. best score: -2

Experiment 9:
Generation 0. best score: -2
Mean: 5.652380952380953; Std: 7.731011251692647
Time mean: 0.13917737915402367; Std: 0.10932045321118421

Parameters: [ pop_size=30, p_mutation=0.07, p_crossover=0.9, selection_pressure=10 ]

Experiment 0:

Experiment 1:

Experiment 2:

Experiment 3:

Experiment 4:
Generation 0. best score: -2

Experiment 5:

Experiment 6:

Experiment 7:

Experiment 8:

Experiment 9:
Generation 0. best score: -2
Mean: 5.4409090909090905; Std: 7.629021678598098
Time mean: 0.137907274202867; Std: 0.10730034460315406

Parameters: [ pop_size=30, p_mutation=0.07, p_crossover=1.0, selection_pressure=5 ]

Experiment 0:

Experiment 1:

Experiment 2:

Experiment 3:

Experiment 4:

Experiment 5:

Experiment 6:

Experiment 7:

Experiment 8:
Generation 0. best score: -3

Experiment 9:
Mean: 5.239130434782608; Std: 7.537344529695561
Time mean: 0.1364487938258959; Std: 0.10560055889958157

Parameters: [ pop_size=30, p_mutation=0.07, p_crossover=1.0, selection_pressure=10 ]

Experiment 0:

Experiment 1:

Experiment 2:

Experiment 3:
Generation 0. best score: -2

Experiment 4:
Generation 0. best score: -3

Experiment 5:

Experiment 6:
Generation 0. best score: -2

Experiment 7:
Generation 0. best score: -2

Experiment 8:
Generation 0. best score: -3
Generation 10. best score: -2

Experiment 9:
Generation 0. best score: -2
Mean: 5.183333333333334; Std: 7.4344930955088415
Time mean: 0.13772552609443664; Std: 0.10487395888523234

------------=== END OF EXPERIMENTS ===------------
-	Ended on:  2020-12-24 19:19:27.348410  -
--------------------------------------------------
